[35m[Appium][39m Welcome to Appium v1.17.1
[35m[Appium][39m Non-default server args:
[35m[Appium][39m   port: 53633
[35m[Appium][39m   loglevel: info
[35m[Appium][39m   tmpDir: C:\Users\WISDOM~1\AppData\Local\Temp\\Katalon\Appium\Temp1593685746971
[35m[Appium][39m   chromedriverPort: 53634
[35m[Appium][39m Deprecated server args:
[35m[Appium][39m   [31m--chromedriver-port[39m => --default-capabilities '{"chromedriverPort":53634}'
[35m[Appium][39m Default capabilities, which will be added to each request unless overridden by desired capabilities:
[35m[Appium][39m   chromedriverPort: 53634
[35m[Appium][39m Appium REST http interface listener started on 0.0.0.0:53633
[35m[HTTP][39m [37m-->[39m [37mGET[39m [37m/wd/hub/status[39m
[35m[HTTP][39m [90m{}[39m
[35m[HTTP][39m [37m<-- GET /wd/hub/status [39m[32m200[39m [90m10 ms - 68[39m
[35m[HTTP][39m [90m[39m
[35m[HTTP][39m [37m-->[39m [37mPOST[39m [37m/wd/hub/session[39m
[35m[HTTP][39m [90m{"desiredCapabilities":{"app":"C:\\Users\\WISDOMVAST\\Katalon Studio\\AIS_Karaoke\\androidapp\\karaoke_v2_stg_4.3.7_(60).apk","noReset":true,"deviceId":"R58M93S563N","deviceName":"samsung SM-A507FN (Android 10)","fullReset":false,"platform":"ANDROID","newCommandTimeout":1800,"platformVersion":"10","automationName":"uiautomator2","autoGrantPermissions":true,"platformName":"Android","udid":"R58M93S563N","systemPort":53632},"capabilities":{"firstMatch":[{"appium:app":"C:\\Users\\WISDOMVAST\\Katalon Studio\\AIS_Karaoke\\androidapp\\karaoke_v2_stg_4.3.7_(60).apk","appium:autoGrantPermissions":true,"appium:automationName":"uiautomator2","deviceId":"R58M93S563N","appium:deviceName":"samsung SM-A507FN (Android 10)","appium:fullReset":false,"appium:newCommandTimeout":1800,"appium:noReset":true,"platform":"ANDROID","platformName":"android","appium:platformVersion":"10","appium:systemPort":53632,"appium:udid":"R58M93S563N"}]}}[39m
[35m[BaseDriver][39m The following capabilities are not standard capabilities and should have an extension prefix:
[35m[BaseDriver][39m   deviceId
[35m[BaseDriver][39m   platform
[35m[BaseDriver][39m   chromedriverPort
[35m[Appium][39m Appium v1.17.1 creating new AndroidUiautomator2Driver (v1.44.2) session
[35m[BaseDriver][39m The following capabilities were provided, but are not recognized by Appium:
[35m[BaseDriver][39m   deviceId
[35m[BaseDriver][39m   platform
[35m[BaseDriver][39m Session created with session id: 3cce3363-c989-4daa-97cb-4d5d87016d45
[35m[BaseDriver][39m Using local app 'C:\Users\WISDOMVAST\Katalon Studio\AIS_Karaoke\androidapp\karaoke_v2_stg_4.3.7_(60).apk'
[35m[ADB][39m Found 1 'build-tools' folders under 'C:\Users\WISDOMVAST\.katalon\tools\android_sdk' (newest first):
[35m[ADB][39m     C:/Users/WISDOMVAST/.katalon/tools/android_sdk/build-tools/29.0.3
[35m[ADB][39m Using 'adb.exe' from 'C:\Users\WISDOMVAST\.katalon\tools\android_sdk\platform-tools\adb.exe'
[35m[AndroidDriver][39m Retrieving device list
[35m[AndroidDriver][39m Using device: R58M93S563N
[35m[ADB][39m Using 'adb.exe' from 'C:\Users\WISDOMVAST\.katalon\tools\android_sdk\platform-tools\adb.exe'
[35m[ADB][39m Getting device platform version
[35m[UiAutomator2][39m Relaxing hidden api policy
[35m[ADB][39m Package name: 'th.co.ais.aiskaraoke.staging'
[35m[ADB][39m Main activity name: 'com.wisdomvast.aiskaraoke2.ui.SplashScreenActivity'
[35m[ADB][39m Using 'apksigner.jar' from 'C:\Users\WISDOMVAST\.katalon\tools\android_sdk\build-tools\29.0.3\lib\apksigner.jar'
[35m[UiAutomator2][39m Server packages are not going to be (re)installed
[35m[UiAutomator2][39m Starting UIAutomator2 server 4.5.5
[35m[UiAutomator2][39m Using UIAutomator2 server from 'C:\Users\WISDOMVAST\AppData\Roaming\npm\node_modules\appium\node_modules\appium-uiautomator2-server\apks\appium-uiautomator2-server-v4.5.5.apk' and test from 'C:\Users\WISDOMVAST\AppData\Roaming\npm\node_modules\appium\node_modules\appium-uiautomator2-server\apks\appium-uiautomator2-server-debug-androidTest.apk'
[35m[UiAutomator2][39m Waiting up to 30000ms for UiAutomator2 to be online...
[35m[WD Proxy][39m Got response with unknown status: {"code":"ECONNRESET"}
[35m[WD Proxy][39m Got response with unknown status: {"code":"ECONNRESET"}
[35m[WD Proxy][39m Determined the downstream protocol as 'W3C'
[35m[AndroidDriver][39m Screen already unlocked, doing nothing
[35m[UiAutomator2][39m Starting 'th.co.ais.aiskaraoke.staging/com.wisdomvast.aiskaraoke2.ui.SplashScreenActivity and waiting for 'th.co.ais.aiskaraoke.staging/com.wisdomvast.aiskaraoke2.ui.SplashScreenActivity'
[35m[Appium][39m New AndroidUiautomator2Driver session created successfully, session 3cce3363-c989-4daa-97cb-4d5d87016d45 added to master session list
[35m[HTTP][39m [37m<-- POST /wd/hub/session [39m[32m200[39m [90m13648 ms - 1402[39m
[35m[HTTP][39m [90m[39m
[35m[HTTP][39m [37m-->[39m [37mGET[39m [37m/wd/hub/session/3cce3363-c989-4daa-97cb-4d5d87016d45[39m
[35m[HTTP][39m [90m{}[39m
[35m[HTTP][39m [37m<-- GET /wd/hub/session/3cce3363-c989-4daa-97cb-4d5d87016d45 [39m[32m200[39m [90m13 ms - 1334[39m
[35m[HTTP][39m [90m[39m
[35m[HTTP][39m [37m-->[39m [37mGET[39m [37m/wd/hub/session/3cce3363-c989-4daa-97cb-4d5d87016d45[39m
[35m[HTTP][39m [90m{}[39m
[35m[HTTP][39m [37m<-- GET /wd/hub/session/3cce3363-c989-4daa-97cb-4d5d87016d45 [39m[32m200[39m [90m11 ms - 1334[39m
[35m[HTTP][39m [90m[39m
[35m[HTTP][39m [37m-->[39m [37mGET[39m [37m/wd/hub/status[39m
[35m[HTTP][39m [90m{}[39m
[35m[HTTP][39m [37m<-- GET /wd/hub/status [39m[32m200[39m [90m1 ms - 68[39m
[35m[HTTP][39m [90m[39m
[35m[HTTP][39m [37m-->[39m [37mPOST[39m [37m/wd/hub/session/3cce3363-c989-4daa-97cb-4d5d87016d45/timeouts[39m
[35m[HTTP][39m [90m{"implicit":30000}[39m
[35m[HTTP][39m [37m<-- POST /wd/hub/session/3cce3363-c989-4daa-97cb-4d5d87016d45/timeouts [39m[32m200[39m [90m6 ms - 14[39m
[35m[HTTP][39m [90m[39m
[35m[HTTP][39m [37m-->[39m [37mGET[39m [37m/wd/hub/session/3cce3363-c989-4daa-97cb-4d5d87016d45/context[39m
[35m[HTTP][39m [90m{}[39m
[35m[HTTP][39m [37m<-- GET /wd/hub/session/3cce3363-c989-4daa-97cb-4d5d87016d45/context [39m[32m200[39m [90m12 ms - 22[39m
[35m[HTTP][39m [90m[39m
[35m[HTTP][39m [37m-->[39m [37mGET[39m [37m/wd/hub/session/3cce3363-c989-4daa-97cb-4d5d87016d45/contexts[39m
[35m[HTTP][39m [90m{}[39m
[35m[AndroidDriver][39m Not checking whether webviews have active pages; use the 'ensureWebviewsHavePages' cap to turn this check on
[35m[HTTP][39m [37m<-- GET /wd/hub/session/3cce3363-c989-4daa-97cb-4d5d87016d45/contexts [39m[32m200[39m [90m93 ms - 24[39m
[35m[HTTP][39m [90m[39m
[35m[HTTP][39m [37m-->[39m [37mPOST[39m [37m/wd/hub/session/3cce3363-c989-4daa-97cb-4d5d87016d45/context[39m
[35m[HTTP][39m [90m{"name":"NATIVE_APP"}[39m
[35m[HTTP][39m [37m<-- POST /wd/hub/session/3cce3363-c989-4daa-97cb-4d5d87016d45/context [39m[32m200[39m [90m4 ms - 14[39m
[35m[HTTP][39m [90m[39m
[35m[HTTP][39m [37m-->[39m [37mPOST[39m [37m/wd/hub/session/3cce3363-c989-4daa-97cb-4d5d87016d45/appium/device/press_keycode[39m
[35m[HTTP][39m [90m{"keycode":4}[39m
[35m[HTTP][39m [37m<-- POST /wd/hub/session/3cce3363-c989-4daa-97cb-4d5d87016d45/appium/device/press_keycode [39m[32m200[39m [90m1949 ms - 14[39m
[35m[HTTP][39m [90m[39m
[35m[HTTP][39m [37m-->[39m [37mPOST[39m [37m/wd/hub/session/3cce3363-c989-4daa-97cb-4d5d87016d45/context[39m
[35m[HTTP][39m [90m{"name":"NATIVE_APP"}[39m
[35m[HTTP][39m [37m<-- POST /wd/hub/session/3cce3363-c989-4daa-97cb-4d5d87016d45/context [39m[32m200[39m [90m3 ms - 14[39m
[35m[HTTP][39m [90m[39m
[35m[HTTP][39m [37m-->[39m [37mGET[39m [37m/wd/hub/session/3cce3363-c989-4daa-97cb-4d5d87016d45/context[39m
[35m[HTTP][39m [90m{}[39m
[35m[HTTP][39m [37m<-- GET /wd/hub/session/3cce3363-c989-4daa-97cb-4d5d87016d45/context [39m[32m200[39m [90m2 ms - 22[39m
[35m[HTTP][39m [90m[39m
[35m[HTTP][39m [37m-->[39m [37mGET[39m [37m/wd/hub/session/3cce3363-c989-4daa-97cb-4d5d87016d45/contexts[39m
[35m[HTTP][39m [90m{}[39m
[35m[AndroidDriver][39m Not checking whether webviews have active pages; use the 'ensureWebviewsHavePages' cap to turn this check on
[35m[HTTP][39m [37m<-- GET /wd/hub/session/3cce3363-c989-4daa-97cb-4d5d87016d45/contexts [39m[32m200[39m [90m100 ms - 24[39m
[35m[HTTP][39m [90m[39m
[35m[HTTP][39m [37m-->[39m [37mPOST[39m [37m/wd/hub/session/3cce3363-c989-4daa-97cb-4d5d87016d45/context[39m
[35m[HTTP][39m [90m{"name":"NATIVE_APP"}[39m
[35m[HTTP][39m [37m<-- POST /wd/hub/session/3cce3363-c989-4daa-97cb-4d5d87016d45/context [39m[32m200[39m [90m2 ms - 14[39m
[35m[HTTP][39m [90m[39m
[35m[HTTP][39m [37m-->[39m [37mPOST[39m [37m/wd/hub/session/3cce3363-c989-4daa-97cb-4d5d87016d45/appium/device/press_keycode[39m
[35m[HTTP][39m [90m{"keycode":4}[39m
[35m[HTTP][39m [37m<-- POST /wd/hub/session/3cce3363-c989-4daa-97cb-4d5d87016d45/appium/device/press_keycode [39m[32m200[39m [90m324 ms - 14[39m
[35m[HTTP][39m [90m[39m
[35m[HTTP][39m [37m-->[39m [37mPOST[39m [37m/wd/hub/session/3cce3363-c989-4daa-97cb-4d5d87016d45/context[39m
[35m[HTTP][39m [90m{"name":"NATIVE_APP"}[39m
[35m[HTTP][39m [37m<-- POST /wd/hub/session/3cce3363-c989-4daa-97cb-4d5d87016d45/context [39m[32m200[39m [90m3 ms - 14[39m
[35m[HTTP][39m [90m[39m
[35m[HTTP][39m [37m-->[39m [37mGET[39m [37m/wd/hub/session/3cce3363-c989-4daa-97cb-4d5d87016d45/context[39m
[35m[HTTP][39m [90m{}[39m
[35m[HTTP][39m [37m<-- GET /wd/hub/session/3cce3363-c989-4daa-97cb-4d5d87016d45/context [39m[32m200[39m [90m2 ms - 22[39m
[35m[HTTP][39m [90m[39m
[35m[HTTP][39m [37m-->[39m [37mGET[39m [37m/wd/hub/session/3cce3363-c989-4daa-97cb-4d5d87016d45/contexts[39m
[35m[HTTP][39m [90m{}[39m
[35m[AndroidDriver][39m Not checking whether webviews have active pages; use the 'ensureWebviewsHavePages' cap to turn this check on
[35m[HTTP][39m [37m<-- GET /wd/hub/session/3cce3363-c989-4daa-97cb-4d5d87016d45/contexts [39m[32m200[39m [90m110 ms - 24[39m
[35m[HTTP][39m [90m[39m
[35m[HTTP][39m [37m-->[39m [37mPOST[39m [37m/wd/hub/session/3cce3363-c989-4daa-97cb-4d5d87016d45/context[39m
[35m[HTTP][39m [90m{"name":"NATIVE_APP"}[39m
[35m[HTTP][39m [37m<-- POST /wd/hub/session/3cce3363-c989-4daa-97cb-4d5d87016d45/context [39m[32m200[39m [90m3 ms - 14[39m
[35m[HTTP][39m [90m[39m
[35m[HTTP][39m [37m-->[39m [37mPOST[39m [37m/wd/hub/session/3cce3363-c989-4daa-97cb-4d5d87016d45/element[39m
[35m[HTTP][39m [90m{"using":"-android uiautomator","value":"new UiScrollable(new UiSelector().scrollable(true).instance(0)).scrollIntoView(new UiSelector().textContains(\"event\"))"}[39m
[35m[HTTP][39m [37m<-- POST /wd/hub/session/3cce3363-c989-4daa-97cb-4d5d87016d45/element [39m[32m200[39m [90m5647 ms - 137[39m
[35m[HTTP][39m [90m[39m
[35m[HTTP][39m [37m-->[39m [37mPOST[39m [37m/wd/hub/session/3cce3363-c989-4daa-97cb-4d5d87016d45/context[39m
[35m[HTTP][39m [90m{"name":"NATIVE_APP"}[39m
[35m[HTTP][39m [37m<-- POST /wd/hub/session/3cce3363-c989-4daa-97cb-4d5d87016d45/context [39m[32m200[39m [90m4 ms - 14[39m
[35m[HTTP][39m [90m[39m
[35m[HTTP][39m [37m-->[39m [37mPOST[39m [37m/wd/hub/session/3cce3363-c989-4daa-97cb-4d5d87016d45/timeouts[39m
[35m[HTTP][39m [90m{"implicit":50}[39m
[35m[HTTP][39m [37m<-- POST /wd/hub/session/3cce3363-c989-4daa-97cb-4d5d87016d45/timeouts [39m[32m200[39m [90m2 ms - 14[39m
[35m[HTTP][39m [90m[39m
[35m[HTTP][39m [37m-->[39m [37mGET[39m [37m/wd/hub/session/3cce3363-c989-4daa-97cb-4d5d87016d45/window/rect[39m
[35m[HTTP][39m [90m{}[39m
[35m[HTTP][39m [37m<-- GET /wd/hub/session/3cce3363-c989-4daa-97cb-4d5d87016d45/window/rect [39m[32m200[39m [90m37 ms - 50[39m
[35m[HTTP][39m [90m[39m
[35m[HTTP][39m [37m-->[39m [37mPOST[39m [37m/wd/hub/session/3cce3363-c989-4daa-97cb-4d5d87016d45/elements[39m
[35m[HTTP][39m [90m{"using":"-android uiautomator","value":"new UiSelector().className(\"android.widget.Button\").text(\"ร่วมกิจกรรม\").resourceId(\"th.co.ais.aiskaraoke.staging:id/btnJoin\")"}[39m
[35m[HTTP][39m [37m<-- POST /wd/hub/session/3cce3363-c989-4daa-97cb-4d5d87016d45/elements [39m[32m200[39m [90m203 ms - 139[39m
[35m[HTTP][39m [90m[39m
[35m[HTTP][39m [37m-->[39m [37mGET[39m [37m/wd/hub/session/3cce3363-c989-4daa-97cb-4d5d87016d45/element/6d4b46c6-8089-4b8a-911b-2886f4830006/location[39m
[35m[HTTP][39m [90m{}[39m
[35m[W3C (3cce3363)][39m Driver proxy active, passing request on via HTTP proxy
[35m[WD Proxy][39m Replacing sessionId 2abbd61a-cb78-4012-b119-53eba55846e0 with 3cce3363-c989-4daa-97cb-4d5d87016d45
[35m[HTTP][39m [37m<-- GET /wd/hub/session/3cce3363-c989-4daa-97cb-4d5d87016d45/element/6d4b46c6-8089-4b8a-911b-2886f4830006/location [39m[32m200[39m [90m124 ms - 78[39m
[35m[HTTP][39m [90m[39m
[35m[HTTP][39m [37m-->[39m [37mPOST[39m [37m/wd/hub/session/3cce3363-c989-4daa-97cb-4d5d87016d45/timeouts[39m
[35m[HTTP][39m [90m{"implicit":30000}[39m
[35m[HTTP][39m [37m<-- POST /wd/hub/session/3cce3363-c989-4daa-97cb-4d5d87016d45/timeouts [39m[32m200[39m [90m3 ms - 14[39m
[35m[HTTP][39m [90m[39m
[35m[HTTP][39m [37m-->[39m [37mPOST[39m [37m/wd/hub/session/3cce3363-c989-4daa-97cb-4d5d87016d45/touch/perform[39m
[35m[HTTP][39m [90m{"actions":[{"action":"tap","options":{"x":1,"y":1,"element":"6d4b46c6-8089-4b8a-911b-2886f4830006"}},{"action":"release","options":{}}]}[39m
[35m[UiAutomator2][39m calling get location: 6d4b46c6-8089-4b8a-911b-2886f4830006
[35m[HTTP][39m [37m<-- POST /wd/hub/session/3cce3363-c989-4daa-97cb-4d5d87016d45/touch/perform [39m[32m200[39m [90m1666 ms - 14[39m
[35m[HTTP][39m [90m[39m
[35m[HTTP][39m [37m-->[39m [37mPOST[39m [37m/wd/hub/session/3cce3363-c989-4daa-97cb-4d5d87016d45/timeouts[39m
[35m[HTTP][39m [90m{"implicit":50}[39m
[35m[HTTP][39m [37m<-- POST /wd/hub/session/3cce3363-c989-4daa-97cb-4d5d87016d45/timeouts [39m[32m200[39m [90m2 ms - 14[39m
[35m[HTTP][39m [90m[39m
[35m[HTTP][39m [37m-->[39m [37mGET[39m [37m/wd/hub/session/3cce3363-c989-4daa-97cb-4d5d87016d45/window/rect[39m
[35m[HTTP][39m [90m{}[39m
[35m[HTTP][39m [37m<-- GET /wd/hub/session/3cce3363-c989-4daa-97cb-4d5d87016d45/window/rect [39m[32m200[39m [90m50 ms - 50[39m
[35m[HTTP][39m [90m[39m
[35m[HTTP][39m [37m-->[39m [37mPOST[39m [37m/wd/hub/session/3cce3363-c989-4daa-97cb-4d5d87016d45/elements[39m
[35m[HTTP][39m [90m{"using":"-android uiautomator","value":"new UiSelector().className(\"android.widget.TextView\").text(\"กิจกรรม\").resourceId(\"th.co.ais.aiskaraoke.staging:id/tvToolbar\")"}[39m
[35m[HTTP][39m [37m<-- POST /wd/hub/session/3cce3363-c989-4daa-97cb-4d5d87016d45/elements [39m[32m200[39m [90m277 ms - 139[39m
[35m[HTTP][39m [90m[39m
[35m[HTTP][39m [37m-->[39m [37mGET[39m [37m/wd/hub/session/3cce3363-c989-4daa-97cb-4d5d87016d45/element/0575833a-65f0-40c3-8f38-0874581286e4/location[39m
[35m[HTTP][39m [90m{}[39m
[35m[W3C (3cce3363)][39m Driver proxy active, passing request on via HTTP proxy
[35m[WD Proxy][39m Replacing sessionId 2abbd61a-cb78-4012-b119-53eba55846e0 with 3cce3363-c989-4daa-97cb-4d5d87016d45
[35m[HTTP][39m [37m<-- GET /wd/hub/session/3cce3363-c989-4daa-97cb-4d5d87016d45/element/0575833a-65f0-40c3-8f38-0874581286e4/location [39m[32m200[39m [90m169 ms - 78[39m
[35m[HTTP][39m [90m[39m
[35m[HTTP][39m [37m-->[39m [37mPOST[39m [37m/wd/hub/session/3cce3363-c989-4daa-97cb-4d5d87016d45/timeouts[39m
[35m[HTTP][39m [90m{"implicit":30000}[39m
[35m[HTTP][39m [37m<-- POST /wd/hub/session/3cce3363-c989-4daa-97cb-4d5d87016d45/timeouts [39m[32m200[39m [90m3 ms - 14[39m
[35m[HTTP][39m [90m[39m
[35m[HTTP][39m [37m-->[39m [37mGET[39m [37m/wd/hub/session/3cce3363-c989-4daa-97cb-4d5d87016d45/element/0575833a-65f0-40c3-8f38-0874581286e4/text[39m
[35m[HTTP][39m [90m{}[39m
[35m[W3C (3cce3363)][39m Driver proxy active, passing request on via HTTP proxy
[35m[WD Proxy][39m Replacing sessionId 2abbd61a-cb78-4012-b119-53eba55846e0 with 3cce3363-c989-4daa-97cb-4d5d87016d45
[35m[HTTP][39m [37m<-- GET /wd/hub/session/3cce3363-c989-4daa-97cb-4d5d87016d45/element/0575833a-65f0-40c3-8f38-0874581286e4/text [39m[32m200[39m [90m144 ms - 84[39m
[35m[HTTP][39m [90m[39m
[35m[HTTP][39m [37m-->[39m [37mDELETE[39m [37m/wd/hub/session/3cce3363-c989-4daa-97cb-4d5d87016d45[39m
[35m[HTTP][39m [90m{}[39m
[35m[Appium][39m Removing session 3cce3363-c989-4daa-97cb-4d5d87016d45 from our master session list
[35m[UiAutomator2][39m Restoring hidden api policy to the device default configuration
[35m[HTTP][39m [37m<-- DELETE /wd/hub/session/3cce3363-c989-4daa-97cb-4d5d87016d45 [39m[32m200[39m [90m574 ms - 14[39m
