[35m[Appium][39m Welcome to Appium v1.17.1
[35m[Appium][39m Non-default server args:
[35m[Appium][39m   port: 50358
[35m[Appium][39m   loglevel: info
[35m[Appium][39m   tmpDir: C:\Users\WISDOM~1\AppData\Local\Temp\\Katalon\Appium\Temp1593664961153
[35m[Appium][39m   chromedriverPort: 50359
[35m[Appium][39m Deprecated server args:
[35m[Appium][39m   [31m--chromedriver-port[39m => --default-capabilities '{"chromedriverPort":50359}'
[35m[Appium][39m Default capabilities, which will be added to each request unless overridden by desired capabilities:
[35m[Appium][39m   chromedriverPort: 50359
[35m[Appium][39m Appium REST http interface listener started on 0.0.0.0:50358
[35m[HTTP][39m [37m-->[39m [37mGET[39m [37m/wd/hub/status[39m
[35m[HTTP][39m [90m{}[39m
[35m[HTTP][39m [37m<-- GET /wd/hub/status [39m[32m200[39m [90m17 ms - 68[39m
[35m[HTTP][39m [90m[39m
[35m[HTTP][39m [37m-->[39m [37mPOST[39m [37m/wd/hub/session[39m
[35m[HTTP][39m [90m{"desiredCapabilities":{"app":"C:\\Users\\WISDOMVAST\\Katalon Studio\\AIS_Karaoke\\androidapp\\karaoke_v2_stg_4.3.7_(60).apk","noReset":true,"deviceId":"","deviceName":"samsung SM-A507FN (Android 10)","fullReset":false,"platform":"ANDROID","newCommandTimeout":1800,"platformVersion":"10","automationName":"uiautomator2","autoGrantPermissions":true,"platformName":"Android","udid":"R58M93S563N","systemPort":50357},"capabilities":{"firstMatch":[{"appium:app":"C:\\Users\\WISDOMVAST\\Katalon Studio\\AIS_Karaoke\\androidapp\\karaoke_v2_stg_4.3.7_(60).apk","appium:autoGrantPermissions":true,"appium:automationName":"uiautomator2","deviceId":"","appium:deviceName":"samsung SM-A507FN (Android 10)","appium:fullReset":false,"appium:newCommandTimeout":1800,"appium:noReset":true,"platform":"ANDROID","platformName":"android","appium:platformVersion":"10","appium:systemPort":50357,"appium:udid":"R58M93S563N"}]}}[39m
[35m[BaseDriver][39m The following capabilities are not standard capabilities and should have an extension prefix:
[35m[BaseDriver][39m   deviceId
[35m[BaseDriver][39m   platform
[35m[BaseDriver][39m   chromedriverPort
[35m[Appium][39m Appium v1.17.1 creating new AndroidUiautomator2Driver (v1.44.2) session
[35m[BaseDriver][39m The following capabilities were provided, but are not recognized by Appium:
[35m[BaseDriver][39m   deviceId
[35m[BaseDriver][39m   platform
[35m[BaseDriver][39m Session created with session id: 348c4211-b50a-4b91-9ee4-3692d11e366c
[35m[BaseDriver][39m Using local app 'C:\Users\WISDOMVAST\Katalon Studio\AIS_Karaoke\androidapp\karaoke_v2_stg_4.3.7_(60).apk'
[35m[ADB][39m Found 1 'build-tools' folders under 'C:\Users\WISDOMVAST\.katalon\tools\android_sdk' (newest first):
[35m[ADB][39m     C:/Users/WISDOMVAST/.katalon/tools/android_sdk/build-tools/29.0.3
[35m[ADB][39m Using 'adb.exe' from 'C:\Users\WISDOMVAST\.katalon\tools\android_sdk\platform-tools\adb.exe'
[35m[AndroidDriver][39m Retrieving device list
[35m[AndroidDriver][39m Using device: R58M93S563N
[35m[ADB][39m Using 'adb.exe' from 'C:\Users\WISDOMVAST\.katalon\tools\android_sdk\platform-tools\adb.exe'
[35m[ADB][39m Getting device platform version
[35m[UiAutomator2][39m Relaxing hidden api policy
[35m[ADB][39m Package name: 'th.co.ais.aiskaraoke.staging'
[35m[ADB][39m Main activity name: 'com.wisdomvast.aiskaraoke2.ui.SplashScreenActivity'
[35m[ADB][39m Using 'apksigner.jar' from 'C:\Users\WISDOMVAST\.katalon\tools\android_sdk\build-tools\29.0.3\lib\apksigner.jar'
[35m[UiAutomator2][39m Server packages are not going to be (re)installed
[35m[UiAutomator2][39m Starting UIAutomator2 server 4.5.5
[35m[UiAutomator2][39m Using UIAutomator2 server from 'C:\Users\WISDOMVAST\AppData\Roaming\npm\node_modules\appium\node_modules\appium-uiautomator2-server\apks\appium-uiautomator2-server-v4.5.5.apk' and test from 'C:\Users\WISDOMVAST\AppData\Roaming\npm\node_modules\appium\node_modules\appium-uiautomator2-server\apks\appium-uiautomator2-server-debug-androidTest.apk'
[35m[UiAutomator2][39m Waiting up to 30000ms for UiAutomator2 to be online...
[35m[WD Proxy][39m Got response with unknown status: {"code":"ECONNRESET"}
[35m[WD Proxy][39m Got response with unknown status: {"code":"ECONNRESET"}
[35m[WD Proxy][39m Determined the downstream protocol as 'W3C'
[35m[AndroidDriver][39m Screen already unlocked, doing nothing
[35m[UiAutomator2][39m Starting 'th.co.ais.aiskaraoke.staging/com.wisdomvast.aiskaraoke2.ui.SplashScreenActivity and waiting for 'th.co.ais.aiskaraoke.staging/com.wisdomvast.aiskaraoke2.ui.SplashScreenActivity'
[35m[Appium][39m New AndroidUiautomator2Driver session created successfully, session 348c4211-b50a-4b91-9ee4-3692d11e366c added to master session list
[35m[HTTP][39m [37m<-- POST /wd/hub/session [39m[32m200[39m [90m11758 ms - 1380[39m
[35m[HTTP][39m [90m[39m
[35m[HTTP][39m [37m-->[39m [37mGET[39m [37m/wd/hub/session/348c4211-b50a-4b91-9ee4-3692d11e366c[39m
[35m[HTTP][39m [90m{}[39m
[35m[HTTP][39m [37m<-- GET /wd/hub/session/348c4211-b50a-4b91-9ee4-3692d11e366c [39m[32m200[39m [90m10 ms - 1312[39m
[35m[HTTP][39m [90m[39m
[35m[HTTP][39m [37m-->[39m [37mGET[39m [37m/wd/hub/session/348c4211-b50a-4b91-9ee4-3692d11e366c[39m
[35m[HTTP][39m [90m{}[39m
[35m[HTTP][39m [37m<-- GET /wd/hub/session/348c4211-b50a-4b91-9ee4-3692d11e366c [39m[32m200[39m [90m8 ms - 1312[39m
[35m[HTTP][39m [90m[39m
[35m[HTTP][39m [37m-->[39m [37mGET[39m [37m/wd/hub/status[39m
[35m[HTTP][39m [90m{}[39m
[35m[HTTP][39m [37m<-- GET /wd/hub/status [39m[32m200[39m [90m1 ms - 68[39m
[35m[HTTP][39m [90m[39m
[35m[HTTP][39m [37m-->[39m [37mPOST[39m [37m/wd/hub/session/348c4211-b50a-4b91-9ee4-3692d11e366c/timeouts[39m
[35m[HTTP][39m [90m{"implicit":30000}[39m
[35m[HTTP][39m [37m<-- POST /wd/hub/session/348c4211-b50a-4b91-9ee4-3692d11e366c/timeouts [39m[32m200[39m [90m7 ms - 14[39m
[35m[HTTP][39m [90m[39m
[35m[HTTP][39m [37m-->[39m [37mGET[39m [37m/wd/hub/session/348c4211-b50a-4b91-9ee4-3692d11e366c/context[39m
[35m[HTTP][39m [90m{}[39m
[35m[HTTP][39m [37m<-- GET /wd/hub/session/348c4211-b50a-4b91-9ee4-3692d11e366c/context [39m[32m200[39m [90m16 ms - 22[39m
[35m[HTTP][39m [90m[39m
[35m[HTTP][39m [37m-->[39m [37mGET[39m [37m/wd/hub/session/348c4211-b50a-4b91-9ee4-3692d11e366c/contexts[39m
[35m[HTTP][39m [90m{}[39m
[35m[AndroidDriver][39m Not checking whether webviews have active pages; use the 'ensureWebviewsHavePages' cap to turn this check on
[35m[HTTP][39m [37m<-- GET /wd/hub/session/348c4211-b50a-4b91-9ee4-3692d11e366c/contexts [39m[32m200[39m [90m125 ms - 24[39m
[35m[HTTP][39m [90m[39m
[35m[HTTP][39m [37m-->[39m [37mPOST[39m [37m/wd/hub/session/348c4211-b50a-4b91-9ee4-3692d11e366c/context[39m
[35m[HTTP][39m [90m{"name":"NATIVE_APP"}[39m
[35m[HTTP][39m [37m<-- POST /wd/hub/session/348c4211-b50a-4b91-9ee4-3692d11e366c/context [39m[32m200[39m [90m3 ms - 14[39m
[35m[HTTP][39m [90m[39m
[35m[HTTP][39m [37m-->[39m [37mPOST[39m [37m/wd/hub/session/348c4211-b50a-4b91-9ee4-3692d11e366c/appium/device/press_keycode[39m
[35m[HTTP][39m [90m{"keycode":4}[39m
[35m[HTTP][39m [37m<-- POST /wd/hub/session/348c4211-b50a-4b91-9ee4-3692d11e366c/appium/device/press_keycode [39m[32m200[39m [90m2035 ms - 14[39m
[35m[HTTP][39m [90m[39m
[35m[HTTP][39m [37m-->[39m [37mPOST[39m [37m/wd/hub/session/348c4211-b50a-4b91-9ee4-3692d11e366c/context[39m
[35m[HTTP][39m [90m{"name":"NATIVE_APP"}[39m
[35m[HTTP][39m [37m<-- POST /wd/hub/session/348c4211-b50a-4b91-9ee4-3692d11e366c/context [39m[32m200[39m [90m2 ms - 14[39m
[35m[HTTP][39m [90m[39m
[35m[HTTP][39m [37m-->[39m [37mGET[39m [37m/wd/hub/session/348c4211-b50a-4b91-9ee4-3692d11e366c/context[39m
[35m[HTTP][39m [90m{}[39m
[35m[HTTP][39m [37m<-- GET /wd/hub/session/348c4211-b50a-4b91-9ee4-3692d11e366c/context [39m[32m200[39m [90m3 ms - 22[39m
[35m[HTTP][39m [90m[39m
[35m[HTTP][39m [37m-->[39m [37mGET[39m [37m/wd/hub/session/348c4211-b50a-4b91-9ee4-3692d11e366c/contexts[39m
[35m[HTTP][39m [90m{}[39m
[35m[AndroidDriver][39m Not checking whether webviews have active pages; use the 'ensureWebviewsHavePages' cap to turn this check on
[35m[HTTP][39m [37m<-- GET /wd/hub/session/348c4211-b50a-4b91-9ee4-3692d11e366c/contexts [39m[32m200[39m [90m110 ms - 24[39m
[35m[HTTP][39m [90m[39m
[35m[HTTP][39m [37m-->[39m [37mPOST[39m [37m/wd/hub/session/348c4211-b50a-4b91-9ee4-3692d11e366c/context[39m
[35m[HTTP][39m [90m{"name":"NATIVE_APP"}[39m
[35m[HTTP][39m [37m<-- POST /wd/hub/session/348c4211-b50a-4b91-9ee4-3692d11e366c/context [39m[32m200[39m [90m2 ms - 14[39m
[35m[HTTP][39m [90m[39m
[35m[HTTP][39m [37m-->[39m [37mPOST[39m [37m/wd/hub/session/348c4211-b50a-4b91-9ee4-3692d11e366c/appium/device/press_keycode[39m
[35m[HTTP][39m [90m{"keycode":4}[39m
[35m[HTTP][39m [37m<-- POST /wd/hub/session/348c4211-b50a-4b91-9ee4-3692d11e366c/appium/device/press_keycode [39m[32m200[39m [90m1156 ms - 14[39m
[35m[HTTP][39m [90m[39m
[35m[HTTP][39m [37m-->[39m [37mPOST[39m [37m/wd/hub/session/348c4211-b50a-4b91-9ee4-3692d11e366c/context[39m
[35m[HTTP][39m [90m{"name":"NATIVE_APP"}[39m
[35m[HTTP][39m [37m<-- POST /wd/hub/session/348c4211-b50a-4b91-9ee4-3692d11e366c/context [39m[32m200[39m [90m3 ms - 14[39m
[35m[HTTP][39m [90m[39m
[35m[HTTP][39m [37m-->[39m [37mGET[39m [37m/wd/hub/session/348c4211-b50a-4b91-9ee4-3692d11e366c/context[39m
[35m[HTTP][39m [90m{}[39m
[35m[HTTP][39m [37m<-- GET /wd/hub/session/348c4211-b50a-4b91-9ee4-3692d11e366c/context [39m[32m200[39m [90m2 ms - 22[39m
[35m[HTTP][39m [90m[39m
[35m[HTTP][39m [37m-->[39m [37mGET[39m [37m/wd/hub/session/348c4211-b50a-4b91-9ee4-3692d11e366c/contexts[39m
[35m[HTTP][39m [90m{}[39m
[35m[AndroidDriver][39m Not checking whether webviews have active pages; use the 'ensureWebviewsHavePages' cap to turn this check on
[35m[HTTP][39m [37m<-- GET /wd/hub/session/348c4211-b50a-4b91-9ee4-3692d11e366c/contexts [39m[32m200[39m [90m128 ms - 24[39m
[35m[HTTP][39m [90m[39m
[35m[HTTP][39m [37m-->[39m [37mPOST[39m [37m/wd/hub/session/348c4211-b50a-4b91-9ee4-3692d11e366c/context[39m
[35m[HTTP][39m [90m{"name":"NATIVE_APP"}[39m
[35m[HTTP][39m [37m<-- POST /wd/hub/session/348c4211-b50a-4b91-9ee4-3692d11e366c/context [39m[32m200[39m [90m2 ms - 14[39m
[35m[HTTP][39m [90m[39m
[35m[HTTP][39m [37m-->[39m [37mPOST[39m [37m/wd/hub/session/348c4211-b50a-4b91-9ee4-3692d11e366c/element[39m
[35m[HTTP][39m [90m{"using":"-android uiautomator","value":"new UiScrollable(new UiSelector().scrollable(true).instance(0)).scrollIntoView(new UiSelector().textContains(\"แร๊พเตอร์ และ ผองเพื่อน\"))"}[39m
[35m[HTTP][39m [37m<-- POST /wd/hub/session/348c4211-b50a-4b91-9ee4-3692d11e366c/element [39m[32m200[39m [90m7776 ms - 137[39m
[35m[HTTP][39m [90m[39m
[35m[HTTP][39m [37m-->[39m [37mPOST[39m [37m/wd/hub/session/348c4211-b50a-4b91-9ee4-3692d11e366c/context[39m
[35m[HTTP][39m [90m{"name":"NATIVE_APP"}[39m
[35m[HTTP][39m [37m<-- POST /wd/hub/session/348c4211-b50a-4b91-9ee4-3692d11e366c/context [39m[32m200[39m [90m4 ms - 14[39m
[35m[HTTP][39m [90m[39m
[35m[HTTP][39m [37m-->[39m [37mPOST[39m [37m/wd/hub/session/348c4211-b50a-4b91-9ee4-3692d11e366c/timeouts[39m
[35m[HTTP][39m [90m{"implicit":50}[39m
[35m[HTTP][39m [37m<-- POST /wd/hub/session/348c4211-b50a-4b91-9ee4-3692d11e366c/timeouts [39m[32m200[39m [90m3 ms - 14[39m
[35m[HTTP][39m [90m[39m
[35m[HTTP][39m [37m-->[39m [37mGET[39m [37m/wd/hub/session/348c4211-b50a-4b91-9ee4-3692d11e366c/window/rect[39m
[35m[HTTP][39m [90m{}[39m
[35m[HTTP][39m [37m<-- GET /wd/hub/session/348c4211-b50a-4b91-9ee4-3692d11e366c/window/rect [39m[32m200[39m [90m58 ms - 50[39m
[35m[HTTP][39m [90m[39m
[35m[HTTP][39m [37m-->[39m [37mPOST[39m [37m/wd/hub/session/348c4211-b50a-4b91-9ee4-3692d11e366c/elements[39m
[35m[HTTP][39m [90m{"using":"-android uiautomator","value":"new UiSelector().className(\"android.widget.FrameLayout\")"}[39m
[35m[HTTP][39m [37m<-- POST /wd/hub/session/348c4211-b50a-4b91-9ee4-3692d11e366c/elements [39m[32m200[39m [90m2265 ms - 3339[39m
[35m[HTTP][39m [90m[39m
[35m[HTTP][39m [37m-->[39m [37mGET[39m [37m/wd/hub/session/348c4211-b50a-4b91-9ee4-3692d11e366c/element/ee6e2237-8b29-4acf-a702-e323a7296957/location[39m
[35m[HTTP][39m [90m{}[39m
[35m[W3C (348c4211)][39m Driver proxy active, passing request on via HTTP proxy
[35m[WD Proxy][39m Replacing sessionId 68c1408b-7204-4468-9fad-5aa4dc662e79 with 348c4211-b50a-4b91-9ee4-3692d11e366c
[35m[HTTP][39m [37m<-- GET /wd/hub/session/348c4211-b50a-4b91-9ee4-3692d11e366c/element/ee6e2237-8b29-4acf-a702-e323a7296957/location [39m[32m200[39m [90m53 ms - 74[39m
[35m[HTTP][39m [90m[39m
[35m[HTTP][39m [37m-->[39m [37mPOST[39m [37m/wd/hub/session/348c4211-b50a-4b91-9ee4-3692d11e366c/timeouts[39m
[35m[HTTP][39m [90m{"implicit":30000}[39m
[35m[HTTP][39m [37m<-- POST /wd/hub/session/348c4211-b50a-4b91-9ee4-3692d11e366c/timeouts [39m[32m200[39m [90m4 ms - 14[39m
[35m[HTTP][39m [90m[39m
[35m[HTTP][39m [37m-->[39m [37mPOST[39m [37m/wd/hub/session/348c4211-b50a-4b91-9ee4-3692d11e366c/touch/perform[39m
[35m[HTTP][39m [90m{"actions":[{"action":"tap","options":{"x":1,"y":1,"element":"ee6e2237-8b29-4acf-a702-e323a7296957"}},{"action":"release","options":{}}]}[39m
[35m[UiAutomator2][39m calling get location: ee6e2237-8b29-4acf-a702-e323a7296957
[35m[HTTP][39m [37m<-- POST /wd/hub/session/348c4211-b50a-4b91-9ee4-3692d11e366c/touch/perform [39m[32m200[39m [90m3298 ms - 14[39m
[35m[HTTP][39m [90m[39m
[35m[HTTP][39m [37m-->[39m [37mPOST[39m [37m/wd/hub/session/348c4211-b50a-4b91-9ee4-3692d11e366c/timeouts[39m
[35m[HTTP][39m [90m{"implicit":50}[39m
[35m[HTTP][39m [37m<-- POST /wd/hub/session/348c4211-b50a-4b91-9ee4-3692d11e366c/timeouts [39m[32m200[39m [90m4 ms - 14[39m
[35m[HTTP][39m [90m[39m
[35m[HTTP][39m [37m-->[39m [37mGET[39m [37m/wd/hub/session/348c4211-b50a-4b91-9ee4-3692d11e366c/window/rect[39m
[35m[HTTP][39m [90m{}[39m
[35m[HTTP][39m [37m<-- GET /wd/hub/session/348c4211-b50a-4b91-9ee4-3692d11e366c/window/rect [39m[32m200[39m [90m49 ms - 50[39m
[35m[HTTP][39m [90m[39m
[35m[HTTP][39m [37m-->[39m [37mPOST[39m [37m/wd/hub/session/348c4211-b50a-4b91-9ee4-3692d11e366c/elements[39m
[35m[HTTP][39m [90m{"using":"-android uiautomator","value":"new UiSelector().className(\"android.widget.TextView\").text(\"a\").resourceId(\"th.co.ais.aiskaraoke.staging:id/tvToolbar\")"}[39m
[35m[HTTP][39m [37m<-- POST /wd/hub/session/348c4211-b50a-4b91-9ee4-3692d11e366c/elements [39m[32m200[39m [90m168 ms - 12[39m
[35m[HTTP][39m [90m[39m
[35m[HTTP][39m [37m-->[39m [37mPOST[39m [37m/wd/hub/session/348c4211-b50a-4b91-9ee4-3692d11e366c/elements[39m
[35m[HTTP][39m [90m{"using":"-android uiautomator","value":"new UiSelector().className(\"android.widget.TextView\").text(\"a\").resourceId(\"th.co.ais.aiskaraoke.staging:id/tvToolbar\")"}[39m
[35m[HTTP][39m [37m<-- POST /wd/hub/session/348c4211-b50a-4b91-9ee4-3692d11e366c/elements [39m[32m200[39m [90m170 ms - 12[39m
[35m[HTTP][39m [90m[39m
[35m[HTTP][39m [37m-->[39m [37mPOST[39m [37m/wd/hub/session/348c4211-b50a-4b91-9ee4-3692d11e366c/elements[39m
[35m[HTTP][39m [90m{"using":"-android uiautomator","value":"new UiSelector().className(\"android.widget.TextView\").text(\"a\").resourceId(\"th.co.ais.aiskaraoke.staging:id/tvToolbar\")"}[39m
[35m[HTTP][39m [37m<-- POST /wd/hub/session/348c4211-b50a-4b91-9ee4-3692d11e366c/elements [39m[32m200[39m [90m170 ms - 12[39m
[35m[HTTP][39m [90m[39m
[35m[HTTP][39m [37m-->[39m [37mPOST[39m [37m/wd/hub/session/348c4211-b50a-4b91-9ee4-3692d11e366c/elements[39m
[35m[HTTP][39m [90m{"using":"-android uiautomator","value":"new UiSelector().className(\"android.widget.TextView\").text(\"a\").resourceId(\"th.co.ais.aiskaraoke.staging:id/tvToolbar\")"}[39m
[35m[HTTP][39m [37m<-- POST /wd/hub/session/348c4211-b50a-4b91-9ee4-3692d11e366c/elements [39m[32m200[39m [90m180 ms - 12[39m
[35m[HTTP][39m [90m[39m
[35m[HTTP][39m [37m-->[39m [37mPOST[39m [37m/wd/hub/session/348c4211-b50a-4b91-9ee4-3692d11e366c/elements[39m
[35m[HTTP][39m [90m{"using":"-android uiautomator","value":"new UiSelector().className(\"android.widget.TextView\").text(\"a\").resourceId(\"th.co.ais.aiskaraoke.staging:id/tvToolbar\")"}[39m
[35m[HTTP][39m [37m<-- POST /wd/hub/session/348c4211-b50a-4b91-9ee4-3692d11e366c/elements [39m[32m200[39m [90m161 ms - 12[39m
[35m[HTTP][39m [90m[39m
[35m[HTTP][39m [37m-->[39m [37mPOST[39m [37m/wd/hub/session/348c4211-b50a-4b91-9ee4-3692d11e366c/elements[39m
[35m[HTTP][39m [90m{"using":"-android uiautomator","value":"new UiSelector().className(\"android.widget.TextView\").text(\"a\").resourceId(\"th.co.ais.aiskaraoke.staging:id/tvToolbar\")"}[39m
[35m[HTTP][39m [37m<-- POST /wd/hub/session/348c4211-b50a-4b91-9ee4-3692d11e366c/elements [39m[32m200[39m [90m154 ms - 12[39m
[35m[HTTP][39m [90m[39m
[35m[HTTP][39m [37m-->[39m [37mPOST[39m [37m/wd/hub/session/348c4211-b50a-4b91-9ee4-3692d11e366c/elements[39m
[35m[HTTP][39m [90m{"using":"-android uiautomator","value":"new UiSelector().className(\"android.widget.TextView\").text(\"a\").resourceId(\"th.co.ais.aiskaraoke.staging:id/tvToolbar\")"}[39m
[35m[HTTP][39m [37m<-- POST /wd/hub/session/348c4211-b50a-4b91-9ee4-3692d11e366c/elements [39m[32m200[39m [90m162 ms - 12[39m
[35m[HTTP][39m [90m[39m
[35m[HTTP][39m [37m-->[39m [37mPOST[39m [37m/wd/hub/session/348c4211-b50a-4b91-9ee4-3692d11e366c/elements[39m
[35m[HTTP][39m [90m{"using":"-android uiautomator","value":"new UiSelector().className(\"android.widget.TextView\").text(\"a\").resourceId(\"th.co.ais.aiskaraoke.staging:id/tvToolbar\")"}[39m
[35m[HTTP][39m [37m<-- POST /wd/hub/session/348c4211-b50a-4b91-9ee4-3692d11e366c/elements [39m[32m200[39m [90m154 ms - 12[39m
[35m[HTTP][39m [90m[39m
[35m[HTTP][39m [37m-->[39m [37mPOST[39m [37m/wd/hub/session/348c4211-b50a-4b91-9ee4-3692d11e366c/elements[39m
[35m[HTTP][39m [90m{"using":"-android uiautomator","value":"new UiSelector().className(\"android.widget.TextView\").text(\"a\").resourceId(\"th.co.ais.aiskaraoke.staging:id/tvToolbar\")"}[39m
[35m[HTTP][39m [37m<-- POST /wd/hub/session/348c4211-b50a-4b91-9ee4-3692d11e366c/elements [39m[32m200[39m [90m156 ms - 12[39m
[35m[HTTP][39m [90m[39m
[35m[HTTP][39m [37m-->[39m [37mPOST[39m [37m/wd/hub/session/348c4211-b50a-4b91-9ee4-3692d11e366c/elements[39m
[35m[HTTP][39m [90m{"using":"-android uiautomator","value":"new UiSelector().className(\"android.widget.TextView\").text(\"a\").resourceId(\"th.co.ais.aiskaraoke.staging:id/tvToolbar\")"}[39m
[35m[HTTP][39m [37m<-- POST /wd/hub/session/348c4211-b50a-4b91-9ee4-3692d11e366c/elements [39m[32m200[39m [90m183 ms - 12[39m
[35m[HTTP][39m [90m[39m
[35m[HTTP][39m [37m-->[39m [37mPOST[39m [37m/wd/hub/session/348c4211-b50a-4b91-9ee4-3692d11e366c/elements[39m
[35m[HTTP][39m [90m{"using":"-android uiautomator","value":"new UiSelector().className(\"android.widget.TextView\").text(\"a\").resourceId(\"th.co.ais.aiskaraoke.staging:id/tvToolbar\")"}[39m
[35m[HTTP][39m [37m<-- POST /wd/hub/session/348c4211-b50a-4b91-9ee4-3692d11e366c/elements [39m[32m200[39m [90m158 ms - 12[39m
[35m[HTTP][39m [90m[39m
[35m[HTTP][39m [37m-->[39m [37mPOST[39m [37m/wd/hub/session/348c4211-b50a-4b91-9ee4-3692d11e366c/elements[39m
[35m[HTTP][39m [90m{"using":"-android uiautomator","value":"new UiSelector().className(\"android.widget.TextView\").text(\"a\").resourceId(\"th.co.ais.aiskaraoke.staging:id/tvToolbar\")"}[39m
[35m[HTTP][39m [37m<-- POST /wd/hub/session/348c4211-b50a-4b91-9ee4-3692d11e366c/elements [39m[32m200[39m [90m168 ms - 12[39m
[35m[HTTP][39m [90m[39m
[35m[HTTP][39m [37m-->[39m [37mPOST[39m [37m/wd/hub/session/348c4211-b50a-4b91-9ee4-3692d11e366c/elements[39m
[35m[HTTP][39m [90m{"using":"-android uiautomator","value":"new UiSelector().className(\"android.widget.TextView\").text(\"a\").resourceId(\"th.co.ais.aiskaraoke.staging:id/tvToolbar\")"}[39m
[35m[HTTP][39m [37m<-- POST /wd/hub/session/348c4211-b50a-4b91-9ee4-3692d11e366c/elements [39m[32m200[39m [90m144 ms - 12[39m
[35m[HTTP][39m [90m[39m
[35m[HTTP][39m [37m-->[39m [37mPOST[39m [37m/wd/hub/session/348c4211-b50a-4b91-9ee4-3692d11e366c/elements[39m
[35m[HTTP][39m [90m{"using":"-android uiautomator","value":"new UiSelector().className(\"android.widget.TextView\").text(\"a\").resourceId(\"th.co.ais.aiskaraoke.staging:id/tvToolbar\")"}[39m
[35m[HTTP][39m [37m<-- POST /wd/hub/session/348c4211-b50a-4b91-9ee4-3692d11e366c/elements [39m[32m200[39m [90m60 ms - 12[39m
[35m[HTTP][39m [90m[39m
[35m[HTTP][39m [37m-->[39m [37mPOST[39m [37m/wd/hub/session/348c4211-b50a-4b91-9ee4-3692d11e366c/elements[39m
[35m[HTTP][39m [90m{"using":"-android uiautomator","value":"new UiSelector().className(\"android.widget.TextView\").text(\"a\").resourceId(\"th.co.ais.aiskaraoke.staging:id/tvToolbar\")"}[39m
[35m[HTTP][39m [37m<-- POST /wd/hub/session/348c4211-b50a-4b91-9ee4-3692d11e366c/elements [39m[32m200[39m [90m74 ms - 12[39m
[35m[HTTP][39m [90m[39m
[35m[HTTP][39m [37m-->[39m [37mPOST[39m [37m/wd/hub/session/348c4211-b50a-4b91-9ee4-3692d11e366c/elements[39m
[35m[HTTP][39m [90m{"using":"-android uiautomator","value":"new UiSelector().className(\"android.widget.TextView\").text(\"a\").resourceId(\"th.co.ais.aiskaraoke.staging:id/tvToolbar\")"}[39m
[35m[HTTP][39m [37m<-- POST /wd/hub/session/348c4211-b50a-4b91-9ee4-3692d11e366c/elements [39m[32m200[39m [90m80 ms - 12[39m
[35m[HTTP][39m [90m[39m
[35m[HTTP][39m [37m-->[39m [37mPOST[39m [37m/wd/hub/session/348c4211-b50a-4b91-9ee4-3692d11e366c/elements[39m
[35m[HTTP][39m [90m{"using":"-android uiautomator","value":"new UiSelector().className(\"android.widget.TextView\").text(\"a\").resourceId(\"th.co.ais.aiskaraoke.staging:id/tvToolbar\")"}[39m
[35m[HTTP][39m [37m<-- POST /wd/hub/session/348c4211-b50a-4b91-9ee4-3692d11e366c/elements [39m[32m200[39m [90m74 ms - 12[39m
[35m[HTTP][39m [90m[39m
[35m[HTTP][39m [37m-->[39m [37mPOST[39m [37m/wd/hub/session/348c4211-b50a-4b91-9ee4-3692d11e366c/elements[39m
[35m[HTTP][39m [90m{"using":"-android uiautomator","value":"new UiSelector().className(\"android.widget.TextView\").text(\"a\").resourceId(\"th.co.ais.aiskaraoke.staging:id/tvToolbar\")"}[39m
[35m[HTTP][39m [37m<-- POST /wd/hub/session/348c4211-b50a-4b91-9ee4-3692d11e366c/elements [39m[32m200[39m [90m94 ms - 12[39m
[35m[HTTP][39m [90m[39m
[35m[HTTP][39m [37m-->[39m [37mPOST[39m [37m/wd/hub/session/348c4211-b50a-4b91-9ee4-3692d11e366c/elements[39m
[35m[HTTP][39m [90m{"using":"-android uiautomator","value":"new UiSelector().className(\"android.widget.TextView\").text(\"a\").resourceId(\"th.co.ais.aiskaraoke.staging:id/tvToolbar\")"}[39m
[35m[HTTP][39m [37m<-- POST /wd/hub/session/348c4211-b50a-4b91-9ee4-3692d11e366c/elements [39m[32m200[39m [90m92 ms - 12[39m
[35m[HTTP][39m [90m[39m
[35m[HTTP][39m [37m-->[39m [37mPOST[39m [37m/wd/hub/session/348c4211-b50a-4b91-9ee4-3692d11e366c/elements[39m
[35m[HTTP][39m [90m{"using":"-android uiautomator","value":"new UiSelector().className(\"android.widget.TextView\").text(\"a\").resourceId(\"th.co.ais.aiskaraoke.staging:id/tvToolbar\")"}[39m
[35m[HTTP][39m [37m<-- POST /wd/hub/session/348c4211-b50a-4b91-9ee4-3692d11e366c/elements [39m[32m200[39m [90m101 ms - 12[39m
[35m[HTTP][39m [90m[39m
[35m[HTTP][39m [37m-->[39m [37mPOST[39m [37m/wd/hub/session/348c4211-b50a-4b91-9ee4-3692d11e366c/elements[39m
[35m[HTTP][39m [90m{"using":"-android uiautomator","value":"new UiSelector().className(\"android.widget.TextView\").text(\"a\").resourceId(\"th.co.ais.aiskaraoke.staging:id/tvToolbar\")"}[39m
[35m[HTTP][39m [37m<-- POST /wd/hub/session/348c4211-b50a-4b91-9ee4-3692d11e366c/elements [39m[32m200[39m [90m101 ms - 12[39m
[35m[HTTP][39m [90m[39m
[35m[HTTP][39m [37m-->[39m [37mPOST[39m [37m/wd/hub/session/348c4211-b50a-4b91-9ee4-3692d11e366c/elements[39m
[35m[HTTP][39m [90m{"using":"-android uiautomator","value":"new UiSelector().className(\"android.widget.TextView\").text(\"a\").resourceId(\"th.co.ais.aiskaraoke.staging:id/tvToolbar\")"}[39m
[35m[HTTP][39m [37m<-- POST /wd/hub/session/348c4211-b50a-4b91-9ee4-3692d11e366c/elements [39m[32m200[39m [90m88 ms - 12[39m
[35m[HTTP][39m [90m[39m
[35m[HTTP][39m [37m-->[39m [37mPOST[39m [37m/wd/hub/session/348c4211-b50a-4b91-9ee4-3692d11e366c/elements[39m
[35m[HTTP][39m [90m{"using":"-android uiautomator","value":"new UiSelector().className(\"android.widget.TextView\").text(\"a\").resourceId(\"th.co.ais.aiskaraoke.staging:id/tvToolbar\")"}[39m
[35m[HTTP][39m [37m<-- POST /wd/hub/session/348c4211-b50a-4b91-9ee4-3692d11e366c/elements [39m[32m200[39m [90m109 ms - 12[39m
[35m[HTTP][39m [90m[39m
[35m[HTTP][39m [37m-->[39m [37mPOST[39m [37m/wd/hub/session/348c4211-b50a-4b91-9ee4-3692d11e366c/elements[39m
[35m[HTTP][39m [90m{"using":"-android uiautomator","value":"new UiSelector().className(\"android.widget.TextView\").text(\"a\").resourceId(\"th.co.ais.aiskaraoke.staging:id/tvToolbar\")"}[39m
[35m[HTTP][39m [37m<-- POST /wd/hub/session/348c4211-b50a-4b91-9ee4-3692d11e366c/elements [39m[32m200[39m [90m149 ms - 12[39m
[35m[HTTP][39m [90m[39m
[35m[HTTP][39m [37m-->[39m [37mPOST[39m [37m/wd/hub/session/348c4211-b50a-4b91-9ee4-3692d11e366c/elements[39m
[35m[HTTP][39m [90m{"using":"-android uiautomator","value":"new UiSelector().className(\"android.widget.TextView\").text(\"a\").resourceId(\"th.co.ais.aiskaraoke.staging:id/tvToolbar\")"}[39m
[35m[HTTP][39m [37m<-- POST /wd/hub/session/348c4211-b50a-4b91-9ee4-3692d11e366c/elements [39m[32m200[39m [90m150 ms - 12[39m
[35m[HTTP][39m [90m[39m
[35m[HTTP][39m [37m-->[39m [37mPOST[39m [37m/wd/hub/session/348c4211-b50a-4b91-9ee4-3692d11e366c/elements[39m
[35m[HTTP][39m [90m{"using":"-android uiautomator","value":"new UiSelector().className(\"android.widget.TextView\").text(\"a\").resourceId(\"th.co.ais.aiskaraoke.staging:id/tvToolbar\")"}[39m
[35m[HTTP][39m [37m<-- POST /wd/hub/session/348c4211-b50a-4b91-9ee4-3692d11e366c/elements [39m[32m200[39m [90m135 ms - 12[39m
[35m[HTTP][39m [90m[39m
[35m[HTTP][39m [37m-->[39m [37mPOST[39m [37m/wd/hub/session/348c4211-b50a-4b91-9ee4-3692d11e366c/elements[39m
[35m[HTTP][39m [90m{"using":"-android uiautomator","value":"new UiSelector().className(\"android.widget.TextView\").text(\"a\").resourceId(\"th.co.ais.aiskaraoke.staging:id/tvToolbar\")"}[39m
[35m[HTTP][39m [37m<-- POST /wd/hub/session/348c4211-b50a-4b91-9ee4-3692d11e366c/elements [39m[32m200[39m [90m139 ms - 12[39m
[35m[HTTP][39m [90m[39m
[35m[HTTP][39m [37m-->[39m [37mPOST[39m [37m/wd/hub/session/348c4211-b50a-4b91-9ee4-3692d11e366c/elements[39m
[35m[HTTP][39m [90m{"using":"-android uiautomator","value":"new UiSelector().className(\"android.widget.TextView\").text(\"a\").resourceId(\"th.co.ais.aiskaraoke.staging:id/tvToolbar\")"}[39m
[35m[HTTP][39m [37m<-- POST /wd/hub/session/348c4211-b50a-4b91-9ee4-3692d11e366c/elements [39m[32m200[39m [90m154 ms - 12[39m
[35m[HTTP][39m [90m[39m
[35m[HTTP][39m [37m-->[39m [37mPOST[39m [37m/wd/hub/session/348c4211-b50a-4b91-9ee4-3692d11e366c/elements[39m
[35m[HTTP][39m [90m{"using":"-android uiautomator","value":"new UiSelector().className(\"android.widget.TextView\").text(\"a\").resourceId(\"th.co.ais.aiskaraoke.staging:id/tvToolbar\")"}[39m
[35m[HTTP][39m [37m<-- POST /wd/hub/session/348c4211-b50a-4b91-9ee4-3692d11e366c/elements [39m[32m200[39m [90m205 ms - 12[39m
[35m[HTTP][39m [90m[39m
[35m[HTTP][39m [37m-->[39m [37mPOST[39m [37m/wd/hub/session/348c4211-b50a-4b91-9ee4-3692d11e366c/elements[39m
[35m[HTTP][39m [90m{"using":"-android uiautomator","value":"new UiSelector().className(\"android.widget.TextView\").text(\"a\").resourceId(\"th.co.ais.aiskaraoke.staging:id/tvToolbar\")"}[39m
[35m[HTTP][39m [37m<-- POST /wd/hub/session/348c4211-b50a-4b91-9ee4-3692d11e366c/elements [39m[32m200[39m [90m110 ms - 12[39m
[35m[HTTP][39m [90m[39m
[35m[HTTP][39m [37m-->[39m [37mPOST[39m [37m/wd/hub/session/348c4211-b50a-4b91-9ee4-3692d11e366c/elements[39m
[35m[HTTP][39m [90m{"using":"-android uiautomator","value":"new UiSelector().className(\"android.widget.TextView\").text(\"a\").resourceId(\"th.co.ais.aiskaraoke.staging:id/tvToolbar\")"}[39m
[35m[HTTP][39m [37m<-- POST /wd/hub/session/348c4211-b50a-4b91-9ee4-3692d11e366c/elements [39m[32m200[39m [90m106 ms - 12[39m
[35m[HTTP][39m [90m[39m
[35m[HTTP][39m [37m-->[39m [37mPOST[39m [37m/wd/hub/session/348c4211-b50a-4b91-9ee4-3692d11e366c/elements[39m
[35m[HTTP][39m [90m{"using":"-android uiautomator","value":"new UiSelector().className(\"android.widget.TextView\").text(\"a\").resourceId(\"th.co.ais.aiskaraoke.staging:id/tvToolbar\")"}[39m
[35m[HTTP][39m [37m<-- POST /wd/hub/session/348c4211-b50a-4b91-9ee4-3692d11e366c/elements [39m[32m200[39m [90m152 ms - 12[39m
[35m[HTTP][39m [90m[39m
[35m[HTTP][39m [37m-->[39m [37mPOST[39m [37m/wd/hub/session/348c4211-b50a-4b91-9ee4-3692d11e366c/elements[39m
[35m[HTTP][39m [90m{"using":"-android uiautomator","value":"new UiSelector().className(\"android.widget.TextView\").text(\"a\").resourceId(\"th.co.ais.aiskaraoke.staging:id/tvToolbar\")"}[39m
[35m[HTTP][39m [37m<-- POST /wd/hub/session/348c4211-b50a-4b91-9ee4-3692d11e366c/elements [39m[32m200[39m [90m139 ms - 12[39m
[35m[HTTP][39m [90m[39m
[35m[HTTP][39m [37m-->[39m [37mPOST[39m [37m/wd/hub/session/348c4211-b50a-4b91-9ee4-3692d11e366c/elements[39m
[35m[HTTP][39m [90m{"using":"-android uiautomator","value":"new UiSelector().className(\"android.widget.TextView\").text(\"a\").resourceId(\"th.co.ais.aiskaraoke.staging:id/tvToolbar\")"}[39m
[35m[HTTP][39m [37m<-- POST /wd/hub/session/348c4211-b50a-4b91-9ee4-3692d11e366c/elements [39m[32m200[39m [90m90 ms - 12[39m
[35m[HTTP][39m [90m[39m
[35m[HTTP][39m [37m-->[39m [37mPOST[39m [37m/wd/hub/session/348c4211-b50a-4b91-9ee4-3692d11e366c/elements[39m
[35m[HTTP][39m [90m{"using":"-android uiautomator","value":"new UiSelector().className(\"android.widget.TextView\").text(\"a\").resourceId(\"th.co.ais.aiskaraoke.staging:id/tvToolbar\")"}[39m
[35m[HTTP][39m [37m<-- POST /wd/hub/session/348c4211-b50a-4b91-9ee4-3692d11e366c/elements [39m[32m200[39m [90m592 ms - 12[39m
[35m[HTTP][39m [90m[39m
[35m[HTTP][39m [37m-->[39m [37mPOST[39m [37m/wd/hub/session/348c4211-b50a-4b91-9ee4-3692d11e366c/elements[39m
[35m[HTTP][39m [90m{"using":"-android uiautomator","value":"new UiSelector().className(\"android.widget.TextView\").text(\"a\").resourceId(\"th.co.ais.aiskaraoke.staging:id/tvToolbar\")"}[39m
[35m[HTTP][39m [37m<-- POST /wd/hub/session/348c4211-b50a-4b91-9ee4-3692d11e366c/elements [39m[32m200[39m [90m106 ms - 12[39m
[35m[HTTP][39m [90m[39m
[35m[HTTP][39m [37m-->[39m [37mPOST[39m [37m/wd/hub/session/348c4211-b50a-4b91-9ee4-3692d11e366c/elements[39m
[35m[HTTP][39m [90m{"using":"-android uiautomator","value":"new UiSelector().className(\"android.widget.TextView\").text(\"a\").resourceId(\"th.co.ais.aiskaraoke.staging:id/tvToolbar\")"}[39m
[35m[HTTP][39m [37m<-- POST /wd/hub/session/348c4211-b50a-4b91-9ee4-3692d11e366c/elements [39m[32m200[39m [90m95 ms - 12[39m
[35m[HTTP][39m [90m[39m
[35m[HTTP][39m [37m-->[39m [37mPOST[39m [37m/wd/hub/session/348c4211-b50a-4b91-9ee4-3692d11e366c/elements[39m
[35m[HTTP][39m [90m{"using":"-android uiautomator","value":"new UiSelector().className(\"android.widget.TextView\").text(\"a\").resourceId(\"th.co.ais.aiskaraoke.staging:id/tvToolbar\")"}[39m
[35m[HTTP][39m [37m<-- POST /wd/hub/session/348c4211-b50a-4b91-9ee4-3692d11e366c/elements [39m[32m200[39m [90m80 ms - 12[39m
[35m[HTTP][39m [90m[39m
[35m[HTTP][39m [37m-->[39m [37mPOST[39m [37m/wd/hub/session/348c4211-b50a-4b91-9ee4-3692d11e366c/elements[39m
[35m[HTTP][39m [90m{"using":"-android uiautomator","value":"new UiSelector().className(\"android.widget.TextView\").text(\"a\").resourceId(\"th.co.ais.aiskaraoke.staging:id/tvToolbar\")"}[39m
[35m[HTTP][39m [37m<-- POST /wd/hub/session/348c4211-b50a-4b91-9ee4-3692d11e366c/elements [39m[32m200[39m [90m95 ms - 12[39m
[35m[HTTP][39m [90m[39m
[35m[HTTP][39m [37m-->[39m [37mPOST[39m [37m/wd/hub/session/348c4211-b50a-4b91-9ee4-3692d11e366c/elements[39m
[35m[HTTP][39m [90m{"using":"-android uiautomator","value":"new UiSelector().className(\"android.widget.TextView\").text(\"a\").resourceId(\"th.co.ais.aiskaraoke.staging:id/tvToolbar\")"}[39m
[35m[HTTP][39m [37m<-- POST /wd/hub/session/348c4211-b50a-4b91-9ee4-3692d11e366c/elements [39m[32m200[39m [90m128 ms - 12[39m
[35m[HTTP][39m [90m[39m
[35m[HTTP][39m [37m-->[39m [37mPOST[39m [37m/wd/hub/session/348c4211-b50a-4b91-9ee4-3692d11e366c/elements[39m
[35m[HTTP][39m [90m{"using":"-android uiautomator","value":"new UiSelector().className(\"android.widget.TextView\").text(\"a\").resourceId(\"th.co.ais.aiskaraoke.staging:id/tvToolbar\")"}[39m
[35m[HTTP][39m [37m<-- POST /wd/hub/session/348c4211-b50a-4b91-9ee4-3692d11e366c/elements [39m[32m200[39m [90m142 ms - 12[39m
[35m[HTTP][39m [90m[39m
[35m[HTTP][39m [37m-->[39m [37mPOST[39m [37m/wd/hub/session/348c4211-b50a-4b91-9ee4-3692d11e366c/elements[39m
[35m[HTTP][39m [90m{"using":"-android uiautomator","value":"new UiSelector().className(\"android.widget.TextView\").text(\"a\").resourceId(\"th.co.ais.aiskaraoke.staging:id/tvToolbar\")"}[39m
[35m[HTTP][39m [37m<-- POST /wd/hub/session/348c4211-b50a-4b91-9ee4-3692d11e366c/elements [39m[32m200[39m [90m145 ms - 12[39m
[35m[HTTP][39m [90m[39m
[35m[HTTP][39m [37m-->[39m [37mPOST[39m [37m/wd/hub/session/348c4211-b50a-4b91-9ee4-3692d11e366c/elements[39m
[35m[HTTP][39m [90m{"using":"-android uiautomator","value":"new UiSelector().className(\"android.widget.TextView\").text(\"a\").resourceId(\"th.co.ais.aiskaraoke.staging:id/tvToolbar\")"}[39m
[35m[HTTP][39m [37m<-- POST /wd/hub/session/348c4211-b50a-4b91-9ee4-3692d11e366c/elements [39m[32m200[39m [90m146 ms - 12[39m
[35m[HTTP][39m [90m[39m
[35m[HTTP][39m [37m-->[39m [37mPOST[39m [37m/wd/hub/session/348c4211-b50a-4b91-9ee4-3692d11e366c/elements[39m
[35m[HTTP][39m [90m{"using":"-android uiautomator","value":"new UiSelector().className(\"android.widget.TextView\").text(\"a\").resourceId(\"th.co.ais.aiskaraoke.staging:id/tvToolbar\")"}[39m
[35m[HTTP][39m [37m<-- POST /wd/hub/session/348c4211-b50a-4b91-9ee4-3692d11e366c/elements [39m[32m200[39m [90m151 ms - 12[39m
[35m[HTTP][39m [90m[39m
[35m[HTTP][39m [37m-->[39m [37mPOST[39m [37m/wd/hub/session/348c4211-b50a-4b91-9ee4-3692d11e366c/elements[39m
[35m[HTTP][39m [90m{"using":"-android uiautomator","value":"new UiSelector().className(\"android.widget.TextView\").text(\"a\").resourceId(\"th.co.ais.aiskaraoke.staging:id/tvToolbar\")"}[39m
[35m[HTTP][39m [37m<-- POST /wd/hub/session/348c4211-b50a-4b91-9ee4-3692d11e366c/elements [39m[32m200[39m [90m161 ms - 12[39m
[35m[HTTP][39m [90m[39m
[35m[HTTP][39m [37m-->[39m [37mPOST[39m [37m/wd/hub/session/348c4211-b50a-4b91-9ee4-3692d11e366c/elements[39m
[35m[HTTP][39m [90m{"using":"-android uiautomator","value":"new UiSelector().className(\"android.widget.TextView\").text(\"a\").resourceId(\"th.co.ais.aiskaraoke.staging:id/tvToolbar\")"}[39m
[35m[HTTP][39m [37m<-- POST /wd/hub/session/348c4211-b50a-4b91-9ee4-3692d11e366c/elements [39m[32m200[39m [90m147 ms - 12[39m
[35m[HTTP][39m [90m[39m
[35m[HTTP][39m [37m-->[39m [37mPOST[39m [37m/wd/hub/session/348c4211-b50a-4b91-9ee4-3692d11e366c/elements[39m
[35m[HTTP][39m [90m{"using":"-android uiautomator","value":"new UiSelector().className(\"android.widget.TextView\").text(\"a\").resourceId(\"th.co.ais.aiskaraoke.staging:id/tvToolbar\")"}[39m
[35m[HTTP][39m [37m<-- POST /wd/hub/session/348c4211-b50a-4b91-9ee4-3692d11e366c/elements [39m[32m200[39m [90m148 ms - 12[39m
[35m[HTTP][39m [90m[39m
[35m[HTTP][39m [37m-->[39m [37mPOST[39m [37m/wd/hub/session/348c4211-b50a-4b91-9ee4-3692d11e366c/elements[39m
[35m[HTTP][39m [90m{"using":"-android uiautomator","value":"new UiSelector().className(\"android.widget.TextView\").text(\"a\").resourceId(\"th.co.ais.aiskaraoke.staging:id/tvToolbar\")"}[39m
[35m[HTTP][39m [37m<-- POST /wd/hub/session/348c4211-b50a-4b91-9ee4-3692d11e366c/elements [39m[32m200[39m [90m142 ms - 12[39m
[35m[HTTP][39m [90m[39m
[35m[HTTP][39m [37m-->[39m [37mPOST[39m [37m/wd/hub/session/348c4211-b50a-4b91-9ee4-3692d11e366c/elements[39m
[35m[HTTP][39m [90m{"using":"-android uiautomator","value":"new UiSelector().className(\"android.widget.TextView\").text(\"a\").resourceId(\"th.co.ais.aiskaraoke.staging:id/tvToolbar\")"}[39m
[35m[HTTP][39m [37m<-- POST /wd/hub/session/348c4211-b50a-4b91-9ee4-3692d11e366c/elements [39m[32m200[39m [90m131 ms - 12[39m
[35m[HTTP][39m [90m[39m
[35m[HTTP][39m [37m-->[39m [37mPOST[39m [37m/wd/hub/session/348c4211-b50a-4b91-9ee4-3692d11e366c/elements[39m
[35m[HTTP][39m [90m{"using":"-android uiautomator","value":"new UiSelector().className(\"android.widget.TextView\").text(\"a\").resourceId(\"th.co.ais.aiskaraoke.staging:id/tvToolbar\")"}[39m
[35m[HTTP][39m [37m<-- POST /wd/hub/session/348c4211-b50a-4b91-9ee4-3692d11e366c/elements [39m[32m200[39m [90m137 ms - 12[39m
[35m[HTTP][39m [90m[39m
[35m[HTTP][39m [37m-->[39m [37mPOST[39m [37m/wd/hub/session/348c4211-b50a-4b91-9ee4-3692d11e366c/elements[39m
[35m[HTTP][39m [90m{"using":"-android uiautomator","value":"new UiSelector().className(\"android.widget.TextView\").text(\"a\").resourceId(\"th.co.ais.aiskaraoke.staging:id/tvToolbar\")"}[39m
[35m[HTTP][39m [37m<-- POST /wd/hub/session/348c4211-b50a-4b91-9ee4-3692d11e366c/elements [39m[32m200[39m [90m152 ms - 12[39m
[35m[HTTP][39m [90m[39m
[35m[HTTP][39m [37m-->[39m [37mPOST[39m [37m/wd/hub/session/348c4211-b50a-4b91-9ee4-3692d11e366c/elements[39m
[35m[HTTP][39m [90m{"using":"-android uiautomator","value":"new UiSelector().className(\"android.widget.TextView\").text(\"a\").resourceId(\"th.co.ais.aiskaraoke.staging:id/tvToolbar\")"}[39m
[35m[HTTP][39m [37m<-- POST /wd/hub/session/348c4211-b50a-4b91-9ee4-3692d11e366c/elements [39m[32m200[39m [90m155 ms - 12[39m
[35m[HTTP][39m [90m[39m
[35m[HTTP][39m [37m-->[39m [37mPOST[39m [37m/wd/hub/session/348c4211-b50a-4b91-9ee4-3692d11e366c/elements[39m
[35m[HTTP][39m [90m{"using":"-android uiautomator","value":"new UiSelector().className(\"android.widget.TextView\").text(\"a\").resourceId(\"th.co.ais.aiskaraoke.staging:id/tvToolbar\")"}[39m
[35m[HTTP][39m [37m<-- POST /wd/hub/session/348c4211-b50a-4b91-9ee4-3692d11e366c/elements [39m[32m200[39m [90m146 ms - 12[39m
[35m[HTTP][39m [90m[39m
[35m[HTTP][39m [37m-->[39m [37mPOST[39m [37m/wd/hub/session/348c4211-b50a-4b91-9ee4-3692d11e366c/elements[39m
[35m[HTTP][39m [90m{"using":"-android uiautomator","value":"new UiSelector().className(\"android.widget.TextView\").text(\"a\").resourceId(\"th.co.ais.aiskaraoke.staging:id/tvToolbar\")"}[39m
[35m[HTTP][39m [37m<-- POST /wd/hub/session/348c4211-b50a-4b91-9ee4-3692d11e366c/elements [39m[32m200[39m [90m142 ms - 12[39m
[35m[HTTP][39m [90m[39m
[35m[HTTP][39m [37m-->[39m [37mPOST[39m [37m/wd/hub/session/348c4211-b50a-4b91-9ee4-3692d11e366c/elements[39m
[35m[HTTP][39m [90m{"using":"-android uiautomator","value":"new UiSelector().className(\"android.widget.TextView\").text(\"a\").resourceId(\"th.co.ais.aiskaraoke.staging:id/tvToolbar\")"}[39m
[35m[HTTP][39m [37m<-- POST /wd/hub/session/348c4211-b50a-4b91-9ee4-3692d11e366c/elements [39m[32m200[39m [90m149 ms - 12[39m
[35m[HTTP][39m [90m[39m
[35m[HTTP][39m [37m-->[39m [37mPOST[39m [37m/wd/hub/session/348c4211-b50a-4b91-9ee4-3692d11e366c/elements[39m
[35m[HTTP][39m [90m{"using":"-android uiautomator","value":"new UiSelector().className(\"android.widget.TextView\").text(\"a\").resourceId(\"th.co.ais.aiskaraoke.staging:id/tvToolbar\")"}[39m
[35m[HTTP][39m [37m<-- POST /wd/hub/session/348c4211-b50a-4b91-9ee4-3692d11e366c/elements [39m[32m200[39m [90m645 ms - 12[39m
[35m[HTTP][39m [90m[39m
[35m[HTTP][39m [37m-->[39m [37mPOST[39m [37m/wd/hub/session/348c4211-b50a-4b91-9ee4-3692d11e366c/elements[39m
[35m[HTTP][39m [90m{"using":"-android uiautomator","value":"new UiSelector().className(\"android.widget.TextView\").text(\"a\").resourceId(\"th.co.ais.aiskaraoke.staging:id/tvToolbar\")"}[39m
[35m[HTTP][39m [37m<-- POST /wd/hub/session/348c4211-b50a-4b91-9ee4-3692d11e366c/elements [39m[32m200[39m [90m103 ms - 12[39m
[35m[HTTP][39m [90m[39m
[35m[HTTP][39m [37m-->[39m [37mPOST[39m [37m/wd/hub/session/348c4211-b50a-4b91-9ee4-3692d11e366c/elements[39m
[35m[HTTP][39m [90m{"using":"-android uiautomator","value":"new UiSelector().className(\"android.widget.TextView\").text(\"a\").resourceId(\"th.co.ais.aiskaraoke.staging:id/tvToolbar\")"}[39m
[35m[HTTP][39m [37m<-- POST /wd/hub/session/348c4211-b50a-4b91-9ee4-3692d11e366c/elements [39m[32m200[39m [90m68 ms - 12[39m
[35m[HTTP][39m [90m[39m
[35m[HTTP][39m [37m-->[39m [37mPOST[39m [37m/wd/hub/session/348c4211-b50a-4b91-9ee4-3692d11e366c/elements[39m
[35m[HTTP][39m [90m{"using":"-android uiautomator","value":"new UiSelector().className(\"android.widget.TextView\").text(\"a\").resourceId(\"th.co.ais.aiskaraoke.staging:id/tvToolbar\")"}[39m
[35m[HTTP][39m [37m<-- POST /wd/hub/session/348c4211-b50a-4b91-9ee4-3692d11e366c/elements [39m[32m200[39m [90m78 ms - 12[39m
[35m[HTTP][39m [90m[39m
[35m[HTTP][39m [37m-->[39m [37mPOST[39m [37m/wd/hub/session/348c4211-b50a-4b91-9ee4-3692d11e366c/elements[39m
[35m[HTTP][39m [90m{"using":"-android uiautomator","value":"new UiSelector().className(\"android.widget.TextView\").text(\"a\").resourceId(\"th.co.ais.aiskaraoke.staging:id/tvToolbar\")"}[39m
[35m[HTTP][39m [37m<-- POST /wd/hub/session/348c4211-b50a-4b91-9ee4-3692d11e366c/elements [39m[32m200[39m [90m118 ms - 12[39m
[35m[HTTP][39m [90m[39m
[35m[HTTP][39m [37m-->[39m [37mPOST[39m [37m/wd/hub/session/348c4211-b50a-4b91-9ee4-3692d11e366c/elements[39m
[35m[HTTP][39m [90m{"using":"-android uiautomator","value":"new UiSelector().className(\"android.widget.TextView\").text(\"a\").resourceId(\"th.co.ais.aiskaraoke.staging:id/tvToolbar\")"}[39m
[35m[HTTP][39m [37m<-- POST /wd/hub/session/348c4211-b50a-4b91-9ee4-3692d11e366c/elements [39m[32m200[39m [90m174 ms - 12[39m
[35m[HTTP][39m [90m[39m
[35m[HTTP][39m [37m-->[39m [37mPOST[39m [37m/wd/hub/session/348c4211-b50a-4b91-9ee4-3692d11e366c/elements[39m
[35m[HTTP][39m [90m{"using":"-android uiautomator","value":"new UiSelector().className(\"android.widget.TextView\").text(\"a\").resourceId(\"th.co.ais.aiskaraoke.staging:id/tvToolbar\")"}[39m
[35m[HTTP][39m [37m<-- POST /wd/hub/session/348c4211-b50a-4b91-9ee4-3692d11e366c/elements [39m[32m200[39m [90m680 ms - 12[39m
[35m[HTTP][39m [90m[39m
[35m[HTTP][39m [37m-->[39m [37mPOST[39m [37m/wd/hub/session/348c4211-b50a-4b91-9ee4-3692d11e366c/elements[39m
[35m[HTTP][39m [90m{"using":"-android uiautomator","value":"new UiSelector().className(\"android.widget.TextView\").text(\"a\").resourceId(\"th.co.ais.aiskaraoke.staging:id/tvToolbar\")"}[39m
[35m[HTTP][39m [37m<-- POST /wd/hub/session/348c4211-b50a-4b91-9ee4-3692d11e366c/elements [39m[32m200[39m [90m153 ms - 12[39m
[35m[HTTP][39m [90m[39m
[35m[HTTP][39m [37m-->[39m [37mPOST[39m [37m/wd/hub/session/348c4211-b50a-4b91-9ee4-3692d11e366c/elements[39m
[35m[HTTP][39m [90m{"using":"-android uiautomator","value":"new UiSelector().className(\"android.widget.TextView\").text(\"a\").resourceId(\"th.co.ais.aiskaraoke.staging:id/tvToolbar\")"}[39m
[35m[HTTP][39m [37m<-- POST /wd/hub/session/348c4211-b50a-4b91-9ee4-3692d11e366c/elements [39m[32m200[39m [90m185 ms - 12[39m
[35m[HTTP][39m [90m[39m
[35m[HTTP][39m [37m-->[39m [37mPOST[39m [37m/wd/hub/session/348c4211-b50a-4b91-9ee4-3692d11e366c/elements[39m
[35m[HTTP][39m [90m{"using":"-android uiautomator","value":"new UiSelector().className(\"android.widget.TextView\").text(\"a\").resourceId(\"th.co.ais.aiskaraoke.staging:id/tvToolbar\")"}[39m
[35m[HTTP][39m [37m<-- POST /wd/hub/session/348c4211-b50a-4b91-9ee4-3692d11e366c/elements [39m[32m200[39m [90m647 ms - 12[39m
[35m[HTTP][39m [90m[39m
[35m[HTTP][39m [37m-->[39m [37mPOST[39m [37m/wd/hub/session/348c4211-b50a-4b91-9ee4-3692d11e366c/elements[39m
[35m[HTTP][39m [90m{"using":"-android uiautomator","value":"new UiSelector().className(\"android.widget.TextView\").text(\"a\").resourceId(\"th.co.ais.aiskaraoke.staging:id/tvToolbar\")"}[39m
[35m[HTTP][39m [37m<-- POST /wd/hub/session/348c4211-b50a-4b91-9ee4-3692d11e366c/elements [39m[32m200[39m [90m156 ms - 12[39m
[35m[HTTP][39m [90m[39m
[35m[HTTP][39m [37m-->[39m [37mPOST[39m [37m/wd/hub/session/348c4211-b50a-4b91-9ee4-3692d11e366c/elements[39m
[35m[HTTP][39m [90m{"using":"-android uiautomator","value":"new UiSelector().className(\"android.widget.TextView\").text(\"a\").resourceId(\"th.co.ais.aiskaraoke.staging:id/tvToolbar\")"}[39m
[35m[HTTP][39m [37m<-- POST /wd/hub/session/348c4211-b50a-4b91-9ee4-3692d11e366c/elements [39m[32m200[39m [90m152 ms - 12[39m
[35m[HTTP][39m [90m[39m
[35m[HTTP][39m [37m-->[39m [37mPOST[39m [37m/wd/hub/session/348c4211-b50a-4b91-9ee4-3692d11e366c/elements[39m
[35m[HTTP][39m [90m{"using":"-android uiautomator","value":"new UiSelector().className(\"android.widget.TextView\").text(\"a\").resourceId(\"th.co.ais.aiskaraoke.staging:id/tvToolbar\")"}[39m
[35m[HTTP][39m [37m<-- POST /wd/hub/session/348c4211-b50a-4b91-9ee4-3692d11e366c/elements [39m[32m200[39m [90m139 ms - 12[39m
[35m[HTTP][39m [90m[39m
[35m[HTTP][39m [37m-->[39m [37mPOST[39m [37m/wd/hub/session/348c4211-b50a-4b91-9ee4-3692d11e366c/elements[39m
[35m[HTTP][39m [90m{"using":"-android uiautomator","value":"new UiSelector().className(\"android.widget.TextView\").text(\"a\").resourceId(\"th.co.ais.aiskaraoke.staging:id/tvToolbar\")"}[39m
[35m[HTTP][39m [37m<-- POST /wd/hub/session/348c4211-b50a-4b91-9ee4-3692d11e366c/elements [39m[32m200[39m [90m109 ms - 12[39m
[35m[HTTP][39m [90m[39m
[35m[HTTP][39m [37m-->[39m [37mPOST[39m [37m/wd/hub/session/348c4211-b50a-4b91-9ee4-3692d11e366c/elements[39m
[35m[HTTP][39m [90m{"using":"-android uiautomator","value":"new UiSelector().className(\"android.widget.TextView\").text(\"a\").resourceId(\"th.co.ais.aiskaraoke.staging:id/tvToolbar\")"}[39m
[35m[HTTP][39m [37m<-- POST /wd/hub/session/348c4211-b50a-4b91-9ee4-3692d11e366c/elements [39m[32m200[39m [90m145 ms - 12[39m
[35m[HTTP][39m [90m[39m
[35m[HTTP][39m [37m-->[39m [37mPOST[39m [37m/wd/hub/session/348c4211-b50a-4b91-9ee4-3692d11e366c/elements[39m
[35m[HTTP][39m [90m{"using":"-android uiautomator","value":"new UiSelector().className(\"android.widget.TextView\").text(\"a\").resourceId(\"th.co.ais.aiskaraoke.staging:id/tvToolbar\")"}[39m
[35m[HTTP][39m [37m<-- POST /wd/hub/session/348c4211-b50a-4b91-9ee4-3692d11e366c/elements [39m[32m200[39m [90m137 ms - 12[39m
[35m[HTTP][39m [90m[39m
[35m[HTTP][39m [37m-->[39m [37mPOST[39m [37m/wd/hub/session/348c4211-b50a-4b91-9ee4-3692d11e366c/elements[39m
[35m[HTTP][39m [90m{"using":"-android uiautomator","value":"new UiSelector().className(\"android.widget.TextView\").text(\"a\").resourceId(\"th.co.ais.aiskaraoke.staging:id/tvToolbar\")"}[39m
[35m[HTTP][39m [37m<-- POST /wd/hub/session/348c4211-b50a-4b91-9ee4-3692d11e366c/elements [39m[32m200[39m [90m152 ms - 12[39m
[35m[HTTP][39m [90m[39m
[35m[HTTP][39m [37m-->[39m [37mPOST[39m [37m/wd/hub/session/348c4211-b50a-4b91-9ee4-3692d11e366c/elements[39m
[35m[HTTP][39m [90m{"using":"-android uiautomator","value":"new UiSelector().className(\"android.widget.TextView\").text(\"a\").resourceId(\"th.co.ais.aiskaraoke.staging:id/tvToolbar\")"}[39m
[35m[HTTP][39m [37m<-- POST /wd/hub/session/348c4211-b50a-4b91-9ee4-3692d11e366c/elements [39m[32m200[39m [90m124 ms - 12[39m
[35m[HTTP][39m [90m[39m
[35m[HTTP][39m [37m-->[39m [37mPOST[39m [37m/wd/hub/session/348c4211-b50a-4b91-9ee4-3692d11e366c/elements[39m
[35m[HTTP][39m [90m{"using":"-android uiautomator","value":"new UiSelector().className(\"android.widget.TextView\").text(\"a\").resourceId(\"th.co.ais.aiskaraoke.staging:id/tvToolbar\")"}[39m
[35m[HTTP][39m [37m<-- POST /wd/hub/session/348c4211-b50a-4b91-9ee4-3692d11e366c/elements [39m[32m200[39m [90m640 ms - 12[39m
[35m[HTTP][39m [90m[39m
[35m[HTTP][39m [37m-->[39m [37mPOST[39m [37m/wd/hub/session/348c4211-b50a-4b91-9ee4-3692d11e366c/elements[39m
[35m[HTTP][39m [90m{"using":"-android uiautomator","value":"new UiSelector().className(\"android.widget.TextView\").text(\"a\").resourceId(\"th.co.ais.aiskaraoke.staging:id/tvToolbar\")"}[39m
[35m[HTTP][39m [37m<-- POST /wd/hub/session/348c4211-b50a-4b91-9ee4-3692d11e366c/elements [39m[32m200[39m [90m125 ms - 12[39m
[35m[HTTP][39m [90m[39m
[35m[HTTP][39m [37m-->[39m [37mPOST[39m [37m/wd/hub/session/348c4211-b50a-4b91-9ee4-3692d11e366c/elements[39m
[35m[HTTP][39m [90m{"using":"-android uiautomator","value":"new UiSelector().className(\"android.widget.TextView\").text(\"a\").resourceId(\"th.co.ais.aiskaraoke.staging:id/tvToolbar\")"}[39m
[35m[HTTP][39m [37m<-- POST /wd/hub/session/348c4211-b50a-4b91-9ee4-3692d11e366c/elements [39m[32m200[39m [90m119 ms - 12[39m
[35m[HTTP][39m [90m[39m
[35m[HTTP][39m [37m-->[39m [37mPOST[39m [37m/wd/hub/session/348c4211-b50a-4b91-9ee4-3692d11e366c/elements[39m
[35m[HTTP][39m [90m{"using":"-android uiautomator","value":"new UiSelector().className(\"android.widget.TextView\").text(\"a\").resourceId(\"th.co.ais.aiskaraoke.staging:id/tvToolbar\")"}[39m
[35m[HTTP][39m [37m<-- POST /wd/hub/session/348c4211-b50a-4b91-9ee4-3692d11e366c/elements [39m[32m200[39m [90m138 ms - 12[39m
[35m[HTTP][39m [90m[39m
[35m[HTTP][39m [37m-->[39m [37mPOST[39m [37m/wd/hub/session/348c4211-b50a-4b91-9ee4-3692d11e366c/elements[39m
[35m[HTTP][39m [90m{"using":"-android uiautomator","value":"new UiSelector().className(\"android.widget.TextView\").text(\"a\").resourceId(\"th.co.ais.aiskaraoke.staging:id/tvToolbar\")"}[39m
[35m[HTTP][39m [37m<-- POST /wd/hub/session/348c4211-b50a-4b91-9ee4-3692d11e366c/elements [39m[32m200[39m [90m146 ms - 12[39m
[35m[HTTP][39m [90m[39m
[35m[HTTP][39m [37m-->[39m [37mPOST[39m [37m/wd/hub/session/348c4211-b50a-4b91-9ee4-3692d11e366c/elements[39m
[35m[HTTP][39m [90m{"using":"-android uiautomator","value":"new UiSelector().className(\"android.widget.TextView\").text(\"a\").resourceId(\"th.co.ais.aiskaraoke.staging:id/tvToolbar\")"}[39m
[35m[HTTP][39m [37m<-- POST /wd/hub/session/348c4211-b50a-4b91-9ee4-3692d11e366c/elements [39m[32m200[39m [90m139 ms - 12[39m
[35m[HTTP][39m [90m[39m
[35m[HTTP][39m [37m-->[39m [37mPOST[39m [37m/wd/hub/session/348c4211-b50a-4b91-9ee4-3692d11e366c/elements[39m
[35m[HTTP][39m [90m{"using":"-android uiautomator","value":"new UiSelector().className(\"android.widget.TextView\").text(\"a\").resourceId(\"th.co.ais.aiskaraoke.staging:id/tvToolbar\")"}[39m
[35m[HTTP][39m [37m<-- POST /wd/hub/session/348c4211-b50a-4b91-9ee4-3692d11e366c/elements [39m[32m200[39m [90m150 ms - 12[39m
[35m[HTTP][39m [90m[39m
[35m[HTTP][39m [37m-->[39m [37mPOST[39m [37m/wd/hub/session/348c4211-b50a-4b91-9ee4-3692d11e366c/elements[39m
[35m[HTTP][39m [90m{"using":"-android uiautomator","value":"new UiSelector().className(\"android.widget.TextView\").text(\"a\").resourceId(\"th.co.ais.aiskaraoke.staging:id/tvToolbar\")"}[39m
[35m[HTTP][39m [37m<-- POST /wd/hub/session/348c4211-b50a-4b91-9ee4-3692d11e366c/elements [39m[32m200[39m [90m145 ms - 12[39m
[35m[HTTP][39m [90m[39m
[35m[HTTP][39m [37m-->[39m [37mPOST[39m [37m/wd/hub/session/348c4211-b50a-4b91-9ee4-3692d11e366c/elements[39m
[35m[HTTP][39m [90m{"using":"-android uiautomator","value":"new UiSelector().className(\"android.widget.TextView\").text(\"a\").resourceId(\"th.co.ais.aiskaraoke.staging:id/tvToolbar\")"}[39m
[35m[HTTP][39m [37m<-- POST /wd/hub/session/348c4211-b50a-4b91-9ee4-3692d11e366c/elements [39m[32m200[39m [90m152 ms - 12[39m
[35m[HTTP][39m [90m[39m
[35m[HTTP][39m [37m-->[39m [37mPOST[39m [37m/wd/hub/session/348c4211-b50a-4b91-9ee4-3692d11e366c/elements[39m
[35m[HTTP][39m [90m{"using":"-android uiautomator","value":"new UiSelector().className(\"android.widget.TextView\").text(\"a\").resourceId(\"th.co.ais.aiskaraoke.staging:id/tvToolbar\")"}[39m
[35m[HTTP][39m [37m<-- POST /wd/hub/session/348c4211-b50a-4b91-9ee4-3692d11e366c/elements [39m[32m200[39m [90m93 ms - 12[39m
[35m[HTTP][39m [90m[39m
[35m[HTTP][39m [37m-->[39m [37mPOST[39m [37m/wd/hub/session/348c4211-b50a-4b91-9ee4-3692d11e366c/elements[39m
[35m[HTTP][39m [90m{"using":"-android uiautomator","value":"new UiSelector().className(\"android.widget.TextView\").text(\"a\").resourceId(\"th.co.ais.aiskaraoke.staging:id/tvToolbar\")"}[39m
[35m[HTTP][39m [37m<-- POST /wd/hub/session/348c4211-b50a-4b91-9ee4-3692d11e366c/elements [39m[32m200[39m [90m68 ms - 12[39m
[35m[HTTP][39m [90m[39m
[35m[HTTP][39m [37m-->[39m [37mPOST[39m [37m/wd/hub/session/348c4211-b50a-4b91-9ee4-3692d11e366c/elements[39m
[35m[HTTP][39m [90m{"using":"-android uiautomator","value":"new UiSelector().className(\"android.widget.TextView\").text(\"a\").resourceId(\"th.co.ais.aiskaraoke.staging:id/tvToolbar\")"}[39m
[35m[HTTP][39m [37m<-- POST /wd/hub/session/348c4211-b50a-4b91-9ee4-3692d11e366c/elements [39m[32m200[39m [90m65 ms - 12[39m
[35m[HTTP][39m [90m[39m
[35m[HTTP][39m [37m-->[39m [37mPOST[39m [37m/wd/hub/session/348c4211-b50a-4b91-9ee4-3692d11e366c/elements[39m
[35m[HTTP][39m [90m{"using":"-android uiautomator","value":"new UiSelector().className(\"android.widget.TextView\").text(\"a\").resourceId(\"th.co.ais.aiskaraoke.staging:id/tvToolbar\")"}[39m
[35m[HTTP][39m [37m<-- POST /wd/hub/session/348c4211-b50a-4b91-9ee4-3692d11e366c/elements [39m[32m200[39m [90m577 ms - 12[39m
[35m[HTTP][39m [90m[39m
[35m[HTTP][39m [37m-->[39m [37mPOST[39m [37m/wd/hub/session/348c4211-b50a-4b91-9ee4-3692d11e366c/elements[39m
[35m[HTTP][39m [90m{"using":"-android uiautomator","value":"new UiSelector().className(\"android.widget.TextView\").text(\"a\").resourceId(\"th.co.ais.aiskaraoke.staging:id/tvToolbar\")"}[39m
[35m[HTTP][39m [37m<-- POST /wd/hub/session/348c4211-b50a-4b91-9ee4-3692d11e366c/elements [39m[32m200[39m [90m635 ms - 12[39m
[35m[HTTP][39m [90m[39m
[35m[HTTP][39m [37m-->[39m [37mPOST[39m [37m/wd/hub/session/348c4211-b50a-4b91-9ee4-3692d11e366c/elements[39m
[35m[HTTP][39m [90m{"using":"-android uiautomator","value":"new UiSelector().className(\"android.widget.TextView\").text(\"a\").resourceId(\"th.co.ais.aiskaraoke.staging:id/tvToolbar\")"}[39m
[35m[HTTP][39m [37m<-- POST /wd/hub/session/348c4211-b50a-4b91-9ee4-3692d11e366c/elements [39m[32m200[39m [90m147 ms - 12[39m
[35m[HTTP][39m [90m[39m
[35m[HTTP][39m [37m-->[39m [37mPOST[39m [37m/wd/hub/session/348c4211-b50a-4b91-9ee4-3692d11e366c/elements[39m
[35m[HTTP][39m [90m{"using":"-android uiautomator","value":"new UiSelector().className(\"android.widget.TextView\").text(\"a\").resourceId(\"th.co.ais.aiskaraoke.staging:id/tvToolbar\")"}[39m
[35m[HTTP][39m [37m<-- POST /wd/hub/session/348c4211-b50a-4b91-9ee4-3692d11e366c/elements [39m[32m200[39m [90m169 ms - 12[39m
[35m[HTTP][39m [90m[39m
[35m[HTTP][39m [37m-->[39m [37mPOST[39m [37m/wd/hub/session/348c4211-b50a-4b91-9ee4-3692d11e366c/elements[39m
[35m[HTTP][39m [90m{"using":"-android uiautomator","value":"new UiSelector().className(\"android.widget.TextView\").text(\"a\").resourceId(\"th.co.ais.aiskaraoke.staging:id/tvToolbar\")"}[39m
[35m[HTTP][39m [37m<-- POST /wd/hub/session/348c4211-b50a-4b91-9ee4-3692d11e366c/elements [39m[32m200[39m [90m137 ms - 12[39m
[35m[HTTP][39m [90m[39m
[35m[HTTP][39m [37m-->[39m [37mPOST[39m [37m/wd/hub/session/348c4211-b50a-4b91-9ee4-3692d11e366c/elements[39m
[35m[HTTP][39m [90m{"using":"-android uiautomator","value":"new UiSelector().className(\"android.widget.TextView\").text(\"a\").resourceId(\"th.co.ais.aiskaraoke.staging:id/tvToolbar\")"}[39m
[35m[HTTP][39m [37m<-- POST /wd/hub/session/348c4211-b50a-4b91-9ee4-3692d11e366c/elements [39m[32m200[39m [90m143 ms - 12[39m
[35m[HTTP][39m [90m[39m
[35m[HTTP][39m [37m-->[39m [37mPOST[39m [37m/wd/hub/session/348c4211-b50a-4b91-9ee4-3692d11e366c/elements[39m
[35m[HTTP][39m [90m{"using":"-android uiautomator","value":"new UiSelector().className(\"android.widget.TextView\").text(\"a\").resourceId(\"th.co.ais.aiskaraoke.staging:id/tvToolbar\")"}[39m
[35m[HTTP][39m [37m<-- POST /wd/hub/session/348c4211-b50a-4b91-9ee4-3692d11e366c/elements [39m[32m200[39m [90m145 ms - 12[39m
[35m[HTTP][39m [90m[39m
[35m[HTTP][39m [37m-->[39m [37mPOST[39m [37m/wd/hub/session/348c4211-b50a-4b91-9ee4-3692d11e366c/elements[39m
[35m[HTTP][39m [90m{"using":"-android uiautomator","value":"new UiSelector().className(\"android.widget.TextView\").text(\"a\").resourceId(\"th.co.ais.aiskaraoke.staging:id/tvToolbar\")"}[39m
[35m[HTTP][39m [37m<-- POST /wd/hub/session/348c4211-b50a-4b91-9ee4-3692d11e366c/elements [39m[32m200[39m [90m144 ms - 12[39m
[35m[HTTP][39m [90m[39m
[35m[HTTP][39m [37m-->[39m [37mPOST[39m [37m/wd/hub/session/348c4211-b50a-4b91-9ee4-3692d11e366c/elements[39m
[35m[HTTP][39m [90m{"using":"-android uiautomator","value":"new UiSelector().className(\"android.widget.TextView\").text(\"a\").resourceId(\"th.co.ais.aiskaraoke.staging:id/tvToolbar\")"}[39m
[35m[HTTP][39m [37m<-- POST /wd/hub/session/348c4211-b50a-4b91-9ee4-3692d11e366c/elements [39m[32m200[39m [90m152 ms - 12[39m
[35m[HTTP][39m [90m[39m
[35m[HTTP][39m [37m-->[39m [37mPOST[39m [37m/wd/hub/session/348c4211-b50a-4b91-9ee4-3692d11e366c/elements[39m
[35m[HTTP][39m [90m{"using":"-android uiautomator","value":"new UiSelector().className(\"android.widget.TextView\").text(\"a\").resourceId(\"th.co.ais.aiskaraoke.staging:id/tvToolbar\")"}[39m
[35m[HTTP][39m [37m<-- POST /wd/hub/session/348c4211-b50a-4b91-9ee4-3692d11e366c/elements [39m[32m200[39m [90m137 ms - 12[39m
[35m[HTTP][39m [90m[39m
[35m[HTTP][39m [37m-->[39m [37mPOST[39m [37m/wd/hub/session/348c4211-b50a-4b91-9ee4-3692d11e366c/elements[39m
[35m[HTTP][39m [90m{"using":"-android uiautomator","value":"new UiSelector().className(\"android.widget.TextView\").text(\"a\").resourceId(\"th.co.ais.aiskaraoke.staging:id/tvToolbar\")"}[39m
[35m[HTTP][39m [37m<-- POST /wd/hub/session/348c4211-b50a-4b91-9ee4-3692d11e366c/elements [39m[32m200[39m [90m127 ms - 12[39m
[35m[HTTP][39m [90m[39m
[35m[HTTP][39m [37m-->[39m [37mPOST[39m [37m/wd/hub/session/348c4211-b50a-4b91-9ee4-3692d11e366c/elements[39m
[35m[HTTP][39m [90m{"using":"-android uiautomator","value":"new UiSelector().className(\"android.widget.TextView\").text(\"a\").resourceId(\"th.co.ais.aiskaraoke.staging:id/tvToolbar\")"}[39m
[35m[HTTP][39m [37m<-- POST /wd/hub/session/348c4211-b50a-4b91-9ee4-3692d11e366c/elements [39m[32m200[39m [90m130 ms - 12[39m
[35m[HTTP][39m [90m[39m
[35m[HTTP][39m [37m-->[39m [37mPOST[39m [37m/wd/hub/session/348c4211-b50a-4b91-9ee4-3692d11e366c/elements[39m
[35m[HTTP][39m [90m{"using":"-android uiautomator","value":"new UiSelector().className(\"android.widget.TextView\").text(\"a\").resourceId(\"th.co.ais.aiskaraoke.staging:id/tvToolbar\")"}[39m
[35m[HTTP][39m [37m<-- POST /wd/hub/session/348c4211-b50a-4b91-9ee4-3692d11e366c/elements [39m[32m200[39m [90m143 ms - 12[39m
[35m[HTTP][39m [90m[39m
[35m[HTTP][39m [37m-->[39m [37mPOST[39m [37m/wd/hub/session/348c4211-b50a-4b91-9ee4-3692d11e366c/elements[39m
[35m[HTTP][39m [90m{"using":"-android uiautomator","value":"new UiSelector().className(\"android.widget.TextView\").text(\"a\").resourceId(\"th.co.ais.aiskaraoke.staging:id/tvToolbar\")"}[39m
[35m[HTTP][39m [37m<-- POST /wd/hub/session/348c4211-b50a-4b91-9ee4-3692d11e366c/elements [39m[32m200[39m [90m142 ms - 12[39m
[35m[HTTP][39m [90m[39m
[35m[HTTP][39m [37m-->[39m [37mPOST[39m [37m/wd/hub/session/348c4211-b50a-4b91-9ee4-3692d11e366c/elements[39m
[35m[HTTP][39m [90m{"using":"-android uiautomator","value":"new UiSelector().className(\"android.widget.TextView\").text(\"a\").resourceId(\"th.co.ais.aiskaraoke.staging:id/tvToolbar\")"}[39m
[35m[HTTP][39m [37m<-- POST /wd/hub/session/348c4211-b50a-4b91-9ee4-3692d11e366c/elements [39m[32m200[39m [90m146 ms - 12[39m
[35m[HTTP][39m [90m[39m
[35m[HTTP][39m [37m-->[39m [37mPOST[39m [37m/wd/hub/session/348c4211-b50a-4b91-9ee4-3692d11e366c/elements[39m
[35m[HTTP][39m [90m{"using":"-android uiautomator","value":"new UiSelector().className(\"android.widget.TextView\").text(\"a\").resourceId(\"th.co.ais.aiskaraoke.staging:id/tvToolbar\")"}[39m
[35m[HTTP][39m [37m<-- POST /wd/hub/session/348c4211-b50a-4b91-9ee4-3692d11e366c/elements [39m[32m200[39m [90m143 ms - 12[39m
[35m[HTTP][39m [90m[39m
[35m[HTTP][39m [37m-->[39m [37mPOST[39m [37m/wd/hub/session/348c4211-b50a-4b91-9ee4-3692d11e366c/elements[39m
[35m[HTTP][39m [90m{"using":"-android uiautomator","value":"new UiSelector().className(\"android.widget.TextView\").text(\"a\").resourceId(\"th.co.ais.aiskaraoke.staging:id/tvToolbar\")"}[39m
[35m[HTTP][39m [37m<-- POST /wd/hub/session/348c4211-b50a-4b91-9ee4-3692d11e366c/elements [39m[32m200[39m [90m147 ms - 12[39m
[35m[HTTP][39m [90m[39m
[35m[HTTP][39m [37m-->[39m [37mPOST[39m [37m/wd/hub/session/348c4211-b50a-4b91-9ee4-3692d11e366c/elements[39m
[35m[HTTP][39m [90m{"using":"-android uiautomator","value":"new UiSelector().className(\"android.widget.TextView\").text(\"a\").resourceId(\"th.co.ais.aiskaraoke.staging:id/tvToolbar\")"}[39m
[35m[HTTP][39m [37m<-- POST /wd/hub/session/348c4211-b50a-4b91-9ee4-3692d11e366c/elements [39m[32m200[39m [90m138 ms - 12[39m
[35m[HTTP][39m [90m[39m
[35m[HTTP][39m [37m-->[39m [37mPOST[39m [37m/wd/hub/session/348c4211-b50a-4b91-9ee4-3692d11e366c/elements[39m
[35m[HTTP][39m [90m{"using":"-android uiautomator","value":"new UiSelector().className(\"android.widget.TextView\").text(\"a\").resourceId(\"th.co.ais.aiskaraoke.staging:id/tvToolbar\")"}[39m
[35m[HTTP][39m [37m<-- POST /wd/hub/session/348c4211-b50a-4b91-9ee4-3692d11e366c/elements [39m[32m200[39m [90m143 ms - 12[39m
[35m[HTTP][39m [90m[39m
[35m[HTTP][39m [37m-->[39m [37mPOST[39m [37m/wd/hub/session/348c4211-b50a-4b91-9ee4-3692d11e366c/elements[39m
[35m[HTTP][39m [90m{"using":"-android uiautomator","value":"new UiSelector().className(\"android.widget.TextView\").text(\"a\").resourceId(\"th.co.ais.aiskaraoke.staging:id/tvToolbar\")"}[39m
[35m[HTTP][39m [37m<-- POST /wd/hub/session/348c4211-b50a-4b91-9ee4-3692d11e366c/elements [39m[32m200[39m [90m122 ms - 12[39m
[35m[HTTP][39m [90m[39m
[35m[HTTP][39m [37m-->[39m [37mPOST[39m [37m/wd/hub/session/348c4211-b50a-4b91-9ee4-3692d11e366c/elements[39m
[35m[HTTP][39m [90m{"using":"-android uiautomator","value":"new UiSelector().className(\"android.widget.TextView\").text(\"a\").resourceId(\"th.co.ais.aiskaraoke.staging:id/tvToolbar\")"}[39m
[35m[HTTP][39m [37m<-- POST /wd/hub/session/348c4211-b50a-4b91-9ee4-3692d11e366c/elements [39m[32m200[39m [90m127 ms - 12[39m
[35m[HTTP][39m [90m[39m
[35m[HTTP][39m [37m-->[39m [37mPOST[39m [37m/wd/hub/session/348c4211-b50a-4b91-9ee4-3692d11e366c/elements[39m
[35m[HTTP][39m [90m{"using":"-android uiautomator","value":"new UiSelector().className(\"android.widget.TextView\").text(\"a\").resourceId(\"th.co.ais.aiskaraoke.staging:id/tvToolbar\")"}[39m
[35m[HTTP][39m [37m<-- POST /wd/hub/session/348c4211-b50a-4b91-9ee4-3692d11e366c/elements [39m[32m200[39m [90m132 ms - 12[39m
[35m[HTTP][39m [90m[39m
[35m[HTTP][39m [37m-->[39m [37mPOST[39m [37m/wd/hub/session/348c4211-b50a-4b91-9ee4-3692d11e366c/elements[39m
[35m[HTTP][39m [90m{"using":"-android uiautomator","value":"new UiSelector().className(\"android.widget.TextView\").text(\"a\").resourceId(\"th.co.ais.aiskaraoke.staging:id/tvToolbar\")"}[39m
[35m[HTTP][39m [37m<-- POST /wd/hub/session/348c4211-b50a-4b91-9ee4-3692d11e366c/elements [39m[32m200[39m [90m144 ms - 12[39m
[35m[HTTP][39m [90m[39m
[35m[HTTP][39m [37m-->[39m [37mPOST[39m [37m/wd/hub/session/348c4211-b50a-4b91-9ee4-3692d11e366c/elements[39m
[35m[HTTP][39m [90m{"using":"-android uiautomator","value":"new UiSelector().className(\"android.widget.TextView\").text(\"a\").resourceId(\"th.co.ais.aiskaraoke.staging:id/tvToolbar\")"}[39m
[35m[HTTP][39m [37m<-- POST /wd/hub/session/348c4211-b50a-4b91-9ee4-3692d11e366c/elements [39m[32m200[39m [90m121 ms - 12[39m
[35m[HTTP][39m [90m[39m
[35m[HTTP][39m [37m-->[39m [37mPOST[39m [37m/wd/hub/session/348c4211-b50a-4b91-9ee4-3692d11e366c/elements[39m
[35m[HTTP][39m [90m{"using":"-android uiautomator","value":"new UiSelector().className(\"android.widget.TextView\").text(\"a\").resourceId(\"th.co.ais.aiskaraoke.staging:id/tvToolbar\")"}[39m
[35m[HTTP][39m [37m<-- POST /wd/hub/session/348c4211-b50a-4b91-9ee4-3692d11e366c/elements [39m[32m200[39m [90m113 ms - 12[39m
[35m[HTTP][39m [90m[39m
[35m[HTTP][39m [37m-->[39m [37mPOST[39m [37m/wd/hub/session/348c4211-b50a-4b91-9ee4-3692d11e366c/elements[39m
[35m[HTTP][39m [90m{"using":"-android uiautomator","value":"new UiSelector().className(\"android.widget.TextView\").text(\"a\").resourceId(\"th.co.ais.aiskaraoke.staging:id/tvToolbar\")"}[39m
[35m[HTTP][39m [37m<-- POST /wd/hub/session/348c4211-b50a-4b91-9ee4-3692d11e366c/elements [39m[32m200[39m [90m136 ms - 12[39m
[35m[HTTP][39m [90m[39m
[35m[HTTP][39m [37m-->[39m [37mPOST[39m [37m/wd/hub/session/348c4211-b50a-4b91-9ee4-3692d11e366c/elements[39m
[35m[HTTP][39m [90m{"using":"-android uiautomator","value":"new UiSelector().className(\"android.widget.TextView\").text(\"a\").resourceId(\"th.co.ais.aiskaraoke.staging:id/tvToolbar\")"}[39m
[35m[HTTP][39m [37m<-- POST /wd/hub/session/348c4211-b50a-4b91-9ee4-3692d11e366c/elements [39m[32m200[39m [90m137 ms - 12[39m
[35m[HTTP][39m [90m[39m
[35m[HTTP][39m [37m-->[39m [37mPOST[39m [37m/wd/hub/session/348c4211-b50a-4b91-9ee4-3692d11e366c/elements[39m
[35m[HTTP][39m [90m{"using":"-android uiautomator","value":"new UiSelector().className(\"android.widget.TextView\").text(\"a\").resourceId(\"th.co.ais.aiskaraoke.staging:id/tvToolbar\")"}[39m
[35m[HTTP][39m [37m<-- POST /wd/hub/session/348c4211-b50a-4b91-9ee4-3692d11e366c/elements [39m[32m200[39m [90m142 ms - 12[39m
[35m[HTTP][39m [90m[39m
[35m[HTTP][39m [37m-->[39m [37mPOST[39m [37m/wd/hub/session/348c4211-b50a-4b91-9ee4-3692d11e366c/elements[39m
[35m[HTTP][39m [90m{"using":"-android uiautomator","value":"new UiSelector().className(\"android.widget.TextView\").text(\"a\").resourceId(\"th.co.ais.aiskaraoke.staging:id/tvToolbar\")"}[39m
[35m[HTTP][39m [37m<-- POST /wd/hub/session/348c4211-b50a-4b91-9ee4-3692d11e366c/elements [39m[32m200[39m [90m110 ms - 12[39m
[35m[HTTP][39m [90m[39m
[35m[HTTP][39m [37m-->[39m [37mPOST[39m [37m/wd/hub/session/348c4211-b50a-4b91-9ee4-3692d11e366c/elements[39m
[35m[HTTP][39m [90m{"using":"-android uiautomator","value":"new UiSelector().className(\"android.widget.TextView\").text(\"a\").resourceId(\"th.co.ais.aiskaraoke.staging:id/tvToolbar\")"}[39m
[35m[HTTP][39m [37m<-- POST /wd/hub/session/348c4211-b50a-4b91-9ee4-3692d11e366c/elements [39m[32m200[39m [90m129 ms - 12[39m
[35m[HTTP][39m [90m[39m
[35m[HTTP][39m [37m-->[39m [37mPOST[39m [37m/wd/hub/session/348c4211-b50a-4b91-9ee4-3692d11e366c/elements[39m
[35m[HTTP][39m [90m{"using":"-android uiautomator","value":"new UiSelector().className(\"android.widget.TextView\").text(\"a\").resourceId(\"th.co.ais.aiskaraoke.staging:id/tvToolbar\")"}[39m
[35m[HTTP][39m [37m<-- POST /wd/hub/session/348c4211-b50a-4b91-9ee4-3692d11e366c/elements [39m[32m200[39m [90m135 ms - 12[39m
[35m[HTTP][39m [90m[39m
[35m[HTTP][39m [37m-->[39m [37mPOST[39m [37m/wd/hub/session/348c4211-b50a-4b91-9ee4-3692d11e366c/elements[39m
[35m[HTTP][39m [90m{"using":"-android uiautomator","value":"new UiSelector().className(\"android.widget.TextView\").text(\"a\").resourceId(\"th.co.ais.aiskaraoke.staging:id/tvToolbar\")"}[39m
[35m[HTTP][39m [37m<-- POST /wd/hub/session/348c4211-b50a-4b91-9ee4-3692d11e366c/elements [39m[32m200[39m [90m129 ms - 12[39m
[35m[HTTP][39m [90m[39m
[35m[HTTP][39m [37m-->[39m [37mPOST[39m [37m/wd/hub/session/348c4211-b50a-4b91-9ee4-3692d11e366c/elements[39m
[35m[HTTP][39m [90m{"using":"-android uiautomator","value":"new UiSelector().className(\"android.widget.TextView\").text(\"a\").resourceId(\"th.co.ais.aiskaraoke.staging:id/tvToolbar\")"}[39m
[35m[HTTP][39m [37m<-- POST /wd/hub/session/348c4211-b50a-4b91-9ee4-3692d11e366c/elements [39m[32m200[39m [90m128 ms - 12[39m
[35m[HTTP][39m [90m[39m
[35m[HTTP][39m [37m-->[39m [37mPOST[39m [37m/wd/hub/session/348c4211-b50a-4b91-9ee4-3692d11e366c/elements[39m
[35m[HTTP][39m [90m{"using":"-android uiautomator","value":"new UiSelector().className(\"android.widget.TextView\").text(\"a\").resourceId(\"th.co.ais.aiskaraoke.staging:id/tvToolbar\")"}[39m
[35m[HTTP][39m [37m<-- POST /wd/hub/session/348c4211-b50a-4b91-9ee4-3692d11e366c/elements [39m[32m200[39m [90m152 ms - 12[39m
[35m[HTTP][39m [90m[39m
[35m[HTTP][39m [37m-->[39m [37mPOST[39m [37m/wd/hub/session/348c4211-b50a-4b91-9ee4-3692d11e366c/elements[39m
[35m[HTTP][39m [90m{"using":"-android uiautomator","value":"new UiSelector().className(\"android.widget.TextView\").text(\"a\").resourceId(\"th.co.ais.aiskaraoke.staging:id/tvToolbar\")"}[39m
[35m[HTTP][39m [37m<-- POST /wd/hub/session/348c4211-b50a-4b91-9ee4-3692d11e366c/elements [39m[32m200[39m [90m69 ms - 12[39m
[35m[HTTP][39m [90m[39m
[35m[HTTP][39m [37m-->[39m [37mPOST[39m [37m/wd/hub/session/348c4211-b50a-4b91-9ee4-3692d11e366c/elements[39m
[35m[HTTP][39m [90m{"using":"-android uiautomator","value":"new UiSelector().className(\"android.widget.TextView\").text(\"a\").resourceId(\"th.co.ais.aiskaraoke.staging:id/tvToolbar\")"}[39m
[35m[HTTP][39m [37m<-- POST /wd/hub/session/348c4211-b50a-4b91-9ee4-3692d11e366c/elements [39m[32m200[39m [90m74 ms - 12[39m
[35m[HTTP][39m [90m[39m
[35m[HTTP][39m [37m-->[39m [37mPOST[39m [37m/wd/hub/session/348c4211-b50a-4b91-9ee4-3692d11e366c/elements[39m
[35m[HTTP][39m [90m{"using":"-android uiautomator","value":"new UiSelector().className(\"android.widget.TextView\").text(\"a\").resourceId(\"th.co.ais.aiskaraoke.staging:id/tvToolbar\")"}[39m
[35m[HTTP][39m [37m<-- POST /wd/hub/session/348c4211-b50a-4b91-9ee4-3692d11e366c/elements [39m[32m200[39m [90m67 ms - 12[39m
[35m[HTTP][39m [90m[39m
[35m[HTTP][39m [37m-->[39m [37mPOST[39m [37m/wd/hub/session/348c4211-b50a-4b91-9ee4-3692d11e366c/elements[39m
[35m[HTTP][39m [90m{"using":"-android uiautomator","value":"new UiSelector().className(\"android.widget.TextView\").text(\"a\").resourceId(\"th.co.ais.aiskaraoke.staging:id/tvToolbar\")"}[39m
[35m[HTTP][39m [37m<-- POST /wd/hub/session/348c4211-b50a-4b91-9ee4-3692d11e366c/elements [39m[32m200[39m [90m66 ms - 12[39m
[35m[HTTP][39m [90m[39m
[35m[HTTP][39m [37m-->[39m [37mPOST[39m [37m/wd/hub/session/348c4211-b50a-4b91-9ee4-3692d11e366c/elements[39m
[35m[HTTP][39m [90m{"using":"-android uiautomator","value":"new UiSelector().className(\"android.widget.TextView\").text(\"a\").resourceId(\"th.co.ais.aiskaraoke.staging:id/tvToolbar\")"}[39m
[35m[HTTP][39m [37m<-- POST /wd/hub/session/348c4211-b50a-4b91-9ee4-3692d11e366c/elements [39m[32m200[39m [90m75 ms - 12[39m
[35m[HTTP][39m [90m[39m
[35m[HTTP][39m [37m-->[39m [37mPOST[39m [37m/wd/hub/session/348c4211-b50a-4b91-9ee4-3692d11e366c/elements[39m
[35m[HTTP][39m [90m{"using":"-android uiautomator","value":"new UiSelector().className(\"android.widget.TextView\").text(\"a\").resourceId(\"th.co.ais.aiskaraoke.staging:id/tvToolbar\")"}[39m
[35m[HTTP][39m [37m<-- POST /wd/hub/session/348c4211-b50a-4b91-9ee4-3692d11e366c/elements [39m[32m200[39m [90m79 ms - 12[39m
[35m[HTTP][39m [90m[39m
[35m[HTTP][39m [37m-->[39m [37mPOST[39m [37m/wd/hub/session/348c4211-b50a-4b91-9ee4-3692d11e366c/elements[39m
[35m[HTTP][39m [90m{"using":"-android uiautomator","value":"new UiSelector().className(\"android.widget.TextView\").text(\"a\").resourceId(\"th.co.ais.aiskaraoke.staging:id/tvToolbar\")"}[39m
[35m[HTTP][39m [37m<-- POST /wd/hub/session/348c4211-b50a-4b91-9ee4-3692d11e366c/elements [39m[32m200[39m [90m102 ms - 12[39m
[35m[HTTP][39m [90m[39m
[35m[HTTP][39m [37m-->[39m [37mPOST[39m [37m/wd/hub/session/348c4211-b50a-4b91-9ee4-3692d11e366c/elements[39m
[35m[HTTP][39m [90m{"using":"-android uiautomator","value":"new UiSelector().className(\"android.widget.TextView\").text(\"a\").resourceId(\"th.co.ais.aiskaraoke.staging:id/tvToolbar\")"}[39m
[35m[HTTP][39m [37m<-- POST /wd/hub/session/348c4211-b50a-4b91-9ee4-3692d11e366c/elements [39m[32m200[39m [90m73 ms - 12[39m
[35m[HTTP][39m [90m[39m
[35m[HTTP][39m [37m-->[39m [37mPOST[39m [37m/wd/hub/session/348c4211-b50a-4b91-9ee4-3692d11e366c/elements[39m
[35m[HTTP][39m [90m{"using":"-android uiautomator","value":"new UiSelector().className(\"android.widget.TextView\").text(\"a\").resourceId(\"th.co.ais.aiskaraoke.staging:id/tvToolbar\")"}[39m
[35m[HTTP][39m [37m<-- POST /wd/hub/session/348c4211-b50a-4b91-9ee4-3692d11e366c/elements [39m[32m200[39m [90m104 ms - 12[39m
[35m[HTTP][39m [90m[39m
[35m[HTTP][39m [37m-->[39m [37mPOST[39m [37m/wd/hub/session/348c4211-b50a-4b91-9ee4-3692d11e366c/elements[39m
[35m[HTTP][39m [90m{"using":"-android uiautomator","value":"new UiSelector().className(\"android.widget.TextView\").text(\"a\").resourceId(\"th.co.ais.aiskaraoke.staging:id/tvToolbar\")"}[39m
[35m[HTTP][39m [37m<-- POST /wd/hub/session/348c4211-b50a-4b91-9ee4-3692d11e366c/elements [39m[32m200[39m [90m89 ms - 12[39m
[35m[HTTP][39m [90m[39m
[35m[HTTP][39m [37m-->[39m [37mPOST[39m [37m/wd/hub/session/348c4211-b50a-4b91-9ee4-3692d11e366c/elements[39m
[35m[HTTP][39m [90m{"using":"-android uiautomator","value":"new UiSelector().className(\"android.widget.TextView\").text(\"a\").resourceId(\"th.co.ais.aiskaraoke.staging:id/tvToolbar\")"}[39m
[35m[HTTP][39m [37m<-- POST /wd/hub/session/348c4211-b50a-4b91-9ee4-3692d11e366c/elements [39m[32m200[39m [90m88 ms - 12[39m
[35m[HTTP][39m [90m[39m
[35m[HTTP][39m [37m-->[39m [37mPOST[39m [37m/wd/hub/session/348c4211-b50a-4b91-9ee4-3692d11e366c/elements[39m
[35m[HTTP][39m [90m{"using":"-android uiautomator","value":"new UiSelector().className(\"android.widget.TextView\").text(\"a\").resourceId(\"th.co.ais.aiskaraoke.staging:id/tvToolbar\")"}[39m
[35m[HTTP][39m [37m<-- POST /wd/hub/session/348c4211-b50a-4b91-9ee4-3692d11e366c/elements [39m[32m200[39m [90m80 ms - 12[39m
[35m[HTTP][39m [90m[39m
[35m[HTTP][39m [37m-->[39m [37mPOST[39m [37m/wd/hub/session/348c4211-b50a-4b91-9ee4-3692d11e366c/elements[39m
[35m[HTTP][39m [90m{"using":"-android uiautomator","value":"new UiSelector().className(\"android.widget.TextView\").text(\"a\").resourceId(\"th.co.ais.aiskaraoke.staging:id/tvToolbar\")"}[39m
[35m[HTTP][39m [37m<-- POST /wd/hub/session/348c4211-b50a-4b91-9ee4-3692d11e366c/elements [39m[32m200[39m [90m110 ms - 12[39m
[35m[HTTP][39m [90m[39m
[35m[HTTP][39m [37m-->[39m [37mPOST[39m [37m/wd/hub/session/348c4211-b50a-4b91-9ee4-3692d11e366c/elements[39m
[35m[HTTP][39m [90m{"using":"-android uiautomator","value":"new UiSelector().className(\"android.widget.TextView\").text(\"a\").resourceId(\"th.co.ais.aiskaraoke.staging:id/tvToolbar\")"}[39m
[35m[HTTP][39m [37m<-- POST /wd/hub/session/348c4211-b50a-4b91-9ee4-3692d11e366c/elements [39m[32m200[39m [90m108 ms - 12[39m
[35m[HTTP][39m [90m[39m
[35m[HTTP][39m [37m-->[39m [37mPOST[39m [37m/wd/hub/session/348c4211-b50a-4b91-9ee4-3692d11e366c/elements[39m
[35m[HTTP][39m [90m{"using":"-android uiautomator","value":"new UiSelector().className(\"android.widget.TextView\").text(\"a\").resourceId(\"th.co.ais.aiskaraoke.staging:id/tvToolbar\")"}[39m
[35m[HTTP][39m [37m<-- POST /wd/hub/session/348c4211-b50a-4b91-9ee4-3692d11e366c/elements [39m[32m200[39m [90m79 ms - 12[39m
[35m[HTTP][39m [90m[39m
[35m[HTTP][39m [37m-->[39m [37mPOST[39m [37m/wd/hub/session/348c4211-b50a-4b91-9ee4-3692d11e366c/elements[39m
[35m[HTTP][39m [90m{"using":"-android uiautomator","value":"new UiSelector().className(\"android.widget.TextView\").text(\"a\").resourceId(\"th.co.ais.aiskaraoke.staging:id/tvToolbar\")"}[39m
[35m[HTTP][39m [37m<-- POST /wd/hub/session/348c4211-b50a-4b91-9ee4-3692d11e366c/elements [39m[32m200[39m [90m113 ms - 12[39m
[35m[HTTP][39m [90m[39m
[35m[HTTP][39m [37m-->[39m [37mPOST[39m [37m/wd/hub/session/348c4211-b50a-4b91-9ee4-3692d11e366c/elements[39m
[35m[HTTP][39m [90m{"using":"-android uiautomator","value":"new UiSelector().className(\"android.widget.TextView\").text(\"a\").resourceId(\"th.co.ais.aiskaraoke.staging:id/tvToolbar\")"}[39m
[35m[HTTP][39m [37m<-- POST /wd/hub/session/348c4211-b50a-4b91-9ee4-3692d11e366c/elements [39m[32m200[39m [90m135 ms - 12[39m
[35m[HTTP][39m [90m[39m
[35m[HTTP][39m [37m-->[39m [37mPOST[39m [37m/wd/hub/session/348c4211-b50a-4b91-9ee4-3692d11e366c/elements[39m
[35m[HTTP][39m [90m{"using":"-android uiautomator","value":"new UiSelector().className(\"android.widget.TextView\").text(\"a\").resourceId(\"th.co.ais.aiskaraoke.staging:id/tvToolbar\")"}[39m
[35m[HTTP][39m [37m<-- POST /wd/hub/session/348c4211-b50a-4b91-9ee4-3692d11e366c/elements [39m[32m200[39m [90m146 ms - 12[39m
[35m[HTTP][39m [90m[39m
[35m[HTTP][39m [37m-->[39m [37mPOST[39m [37m/wd/hub/session/348c4211-b50a-4b91-9ee4-3692d11e366c/elements[39m
[35m[HTTP][39m [90m{"using":"-android uiautomator","value":"new UiSelector().className(\"android.widget.TextView\").text(\"a\").resourceId(\"th.co.ais.aiskaraoke.staging:id/tvToolbar\")"}[39m
[35m[HTTP][39m [37m<-- POST /wd/hub/session/348c4211-b50a-4b91-9ee4-3692d11e366c/elements [39m[32m200[39m [90m122 ms - 12[39m
[35m[HTTP][39m [90m[39m
[35m[HTTP][39m [37m-->[39m [37mPOST[39m [37m/wd/hub/session/348c4211-b50a-4b91-9ee4-3692d11e366c/elements[39m
[35m[HTTP][39m [90m{"using":"-android uiautomator","value":"new UiSelector().className(\"android.widget.TextView\").text(\"a\").resourceId(\"th.co.ais.aiskaraoke.staging:id/tvToolbar\")"}[39m
[35m[HTTP][39m [37m<-- POST /wd/hub/session/348c4211-b50a-4b91-9ee4-3692d11e366c/elements [39m[32m200[39m [90m142 ms - 12[39m
[35m[HTTP][39m [90m[39m
[35m[HTTP][39m [37m-->[39m [37mPOST[39m [37m/wd/hub/session/348c4211-b50a-4b91-9ee4-3692d11e366c/elements[39m
[35m[HTTP][39m [90m{"using":"-android uiautomator","value":"new UiSelector().className(\"android.widget.TextView\").text(\"a\").resourceId(\"th.co.ais.aiskaraoke.staging:id/tvToolbar\")"}[39m
[35m[HTTP][39m [37m<-- POST /wd/hub/session/348c4211-b50a-4b91-9ee4-3692d11e366c/elements [39m[32m200[39m [90m102 ms - 12[39m
[35m[HTTP][39m [90m[39m
[35m[HTTP][39m [37m-->[39m [37mPOST[39m [37m/wd/hub/session/348c4211-b50a-4b91-9ee4-3692d11e366c/elements[39m
[35m[HTTP][39m [90m{"using":"-android uiautomator","value":"new UiSelector().className(\"android.widget.TextView\").text(\"a\").resourceId(\"th.co.ais.aiskaraoke.staging:id/tvToolbar\")"}[39m
[35m[HTTP][39m [37m<-- POST /wd/hub/session/348c4211-b50a-4b91-9ee4-3692d11e366c/elements [39m[32m200[39m [90m77 ms - 12[39m
[35m[HTTP][39m [90m[39m
