[35m[Appium][39m Welcome to Appium v1.17.1
[35m[Appium][39m Non-default server args:
[35m[Appium][39m   port: 54769
[35m[Appium][39m   loglevel: info
[35m[Appium][39m   tmpDir: C:\Users\WISDOM~1\AppData\Local\Temp\\Katalon\Appium\Temp1593685988918
[35m[Appium][39m   chromedriverPort: 54770
[35m[Appium][39m Deprecated server args:
[35m[Appium][39m   [31m--chromedriver-port[39m => --default-capabilities '{"chromedriverPort":54770}'
[35m[Appium][39m Default capabilities, which will be added to each request unless overridden by desired capabilities:
[35m[Appium][39m   chromedriverPort: 54770
[35m[Appium][39m Appium REST http interface listener started on 0.0.0.0:54769
[35m[HTTP][39m [37m-->[39m [37mGET[39m [37m/wd/hub/status[39m
[35m[HTTP][39m [90m{}[39m
[35m[HTTP][39m [37m<-- GET /wd/hub/status [39m[32m200[39m [90m8 ms - 68[39m
[35m[HTTP][39m [90m[39m
[35m[HTTP][39m [37m-->[39m [37mPOST[39m [37m/wd/hub/session[39m
[35m[HTTP][39m [90m{"desiredCapabilities":{"app":"C:\\Users\\WISDOMVAST\\Katalon Studio\\AIS_Karaoke\\androidapp\\karaoke_v2_stg_4.3.7_(60).apk","noReset":true,"deviceId":"R58M93S563N","deviceName":"samsung SM-A507FN (Android 10)","fullReset":false,"platform":"ANDROID","newCommandTimeout":1800,"platformVersion":"10","automationName":"uiautomator2","autoGrantPermissions":true,"platformName":"Android","udid":"R58M93S563N","systemPort":54768},"capabilities":{"firstMatch":[{"appium:app":"C:\\Users\\WISDOMVAST\\Katalon Studio\\AIS_Karaoke\\androidapp\\karaoke_v2_stg_4.3.7_(60).apk","appium:autoGrantPermissions":true,"appium:automationName":"uiautomator2","deviceId":"R58M93S563N","appium:deviceName":"samsung SM-A507FN (Android 10)","appium:fullReset":false,"appium:newCommandTimeout":1800,"appium:noReset":true,"platform":"ANDROID","platformName":"android","appium:platformVersion":"10","appium:systemPort":54768,"appium:udid":"R58M93S563N"}]}}[39m
[35m[BaseDriver][39m The following capabilities are not standard capabilities and should have an extension prefix:
[35m[BaseDriver][39m   deviceId
[35m[BaseDriver][39m   platform
[35m[BaseDriver][39m   chromedriverPort
[35m[Appium][39m Appium v1.17.1 creating new AndroidUiautomator2Driver (v1.44.2) session
[35m[BaseDriver][39m The following capabilities were provided, but are not recognized by Appium:
[35m[BaseDriver][39m   deviceId
[35m[BaseDriver][39m   platform
[35m[BaseDriver][39m Session created with session id: ababb369-2f38-482b-a65c-2e5df498140b
[35m[BaseDriver][39m Using local app 'C:\Users\WISDOMVAST\Katalon Studio\AIS_Karaoke\androidapp\karaoke_v2_stg_4.3.7_(60).apk'
[35m[ADB][39m Found 1 'build-tools' folders under 'C:\Users\WISDOMVAST\.katalon\tools\android_sdk' (newest first):
[35m[ADB][39m     C:/Users/WISDOMVAST/.katalon/tools/android_sdk/build-tools/29.0.3
[35m[ADB][39m Using 'adb.exe' from 'C:\Users\WISDOMVAST\.katalon\tools\android_sdk\platform-tools\adb.exe'
[35m[AndroidDriver][39m Retrieving device list
[35m[AndroidDriver][39m Using device: R58M93S563N
[35m[ADB][39m Using 'adb.exe' from 'C:\Users\WISDOMVAST\.katalon\tools\android_sdk\platform-tools\adb.exe'
[35m[ADB][39m Getting device platform version
[35m[UiAutomator2][39m Relaxing hidden api policy
[35m[ADB][39m Package name: 'th.co.ais.aiskaraoke.staging'
[35m[ADB][39m Main activity name: 'com.wisdomvast.aiskaraoke2.ui.SplashScreenActivity'
[35m[ADB][39m Using 'apksigner.jar' from 'C:\Users\WISDOMVAST\.katalon\tools\android_sdk\build-tools\29.0.3\lib\apksigner.jar'
[35m[UiAutomator2][39m Server packages are not going to be (re)installed
[35m[UiAutomator2][39m Starting UIAutomator2 server 4.5.5
[35m[UiAutomator2][39m Using UIAutomator2 server from 'C:\Users\WISDOMVAST\AppData\Roaming\npm\node_modules\appium\node_modules\appium-uiautomator2-server\apks\appium-uiautomator2-server-v4.5.5.apk' and test from 'C:\Users\WISDOMVAST\AppData\Roaming\npm\node_modules\appium\node_modules\appium-uiautomator2-server\apks\appium-uiautomator2-server-debug-androidTest.apk'
[35m[UiAutomator2][39m Waiting up to 30000ms for UiAutomator2 to be online...
[35m[WD Proxy][39m Got response with unknown status: {"code":"ECONNRESET"}
[35m[WD Proxy][39m Got response with unknown status: {"code":"ECONNRESET"}
[35m[WD Proxy][39m Determined the downstream protocol as 'W3C'
[35m[AndroidDriver][39m Screen already unlocked, doing nothing
[35m[UiAutomator2][39m Starting 'th.co.ais.aiskaraoke.staging/com.wisdomvast.aiskaraoke2.ui.SplashScreenActivity and waiting for 'th.co.ais.aiskaraoke.staging/com.wisdomvast.aiskaraoke2.ui.SplashScreenActivity'
[35m[Appium][39m New AndroidUiautomator2Driver session created successfully, session ababb369-2f38-482b-a65c-2e5df498140b added to master session list
[35m[HTTP][39m [37m<-- POST /wd/hub/session [39m[32m200[39m [90m12966 ms - 1402[39m
[35m[HTTP][39m [90m[39m
[35m[HTTP][39m [37m-->[39m [37mGET[39m [37m/wd/hub/session/ababb369-2f38-482b-a65c-2e5df498140b[39m
[35m[HTTP][39m [90m{}[39m
[35m[HTTP][39m [37m<-- GET /wd/hub/session/ababb369-2f38-482b-a65c-2e5df498140b [39m[32m200[39m [90m11 ms - 1334[39m
[35m[HTTP][39m [90m[39m
[35m[HTTP][39m [37m-->[39m [37mGET[39m [37m/wd/hub/session/ababb369-2f38-482b-a65c-2e5df498140b[39m
[35m[HTTP][39m [90m{}[39m
[35m[HTTP][39m [37m<-- GET /wd/hub/session/ababb369-2f38-482b-a65c-2e5df498140b [39m[32m200[39m [90m10 ms - 1334[39m
[35m[HTTP][39m [90m[39m
[35m[HTTP][39m [37m-->[39m [37mGET[39m [37m/wd/hub/status[39m
[35m[HTTP][39m [90m{}[39m
[35m[HTTP][39m [37m<-- GET /wd/hub/status [39m[32m200[39m [90m1 ms - 68[39m
[35m[HTTP][39m [90m[39m
[35m[HTTP][39m [37m-->[39m [37mPOST[39m [37m/wd/hub/session/ababb369-2f38-482b-a65c-2e5df498140b/timeouts[39m
[35m[HTTP][39m [90m{"implicit":30000}[39m
[35m[HTTP][39m [37m<-- POST /wd/hub/session/ababb369-2f38-482b-a65c-2e5df498140b/timeouts [39m[32m200[39m [90m7 ms - 14[39m
[35m[HTTP][39m [90m[39m
[35m[HTTP][39m [37m-->[39m [37mGET[39m [37m/wd/hub/session/ababb369-2f38-482b-a65c-2e5df498140b/context[39m
[35m[HTTP][39m [90m{}[39m
[35m[HTTP][39m [37m<-- GET /wd/hub/session/ababb369-2f38-482b-a65c-2e5df498140b/context [39m[32m200[39m [90m11 ms - 22[39m
[35m[HTTP][39m [90m[39m
[35m[HTTP][39m [37m-->[39m [37mGET[39m [37m/wd/hub/session/ababb369-2f38-482b-a65c-2e5df498140b/contexts[39m
[35m[HTTP][39m [90m{}[39m
[35m[AndroidDriver][39m Not checking whether webviews have active pages; use the 'ensureWebviewsHavePages' cap to turn this check on
[35m[HTTP][39m [37m<-- GET /wd/hub/session/ababb369-2f38-482b-a65c-2e5df498140b/contexts [39m[32m200[39m [90m83 ms - 24[39m
[35m[HTTP][39m [90m[39m
[35m[HTTP][39m [37m-->[39m [37mPOST[39m [37m/wd/hub/session/ababb369-2f38-482b-a65c-2e5df498140b/context[39m
[35m[HTTP][39m [90m{"name":"NATIVE_APP"}[39m
[35m[HTTP][39m [37m<-- POST /wd/hub/session/ababb369-2f38-482b-a65c-2e5df498140b/context [39m[32m200[39m [90m2 ms - 14[39m
[35m[HTTP][39m [90m[39m
[35m[HTTP][39m [37m-->[39m [37mPOST[39m [37m/wd/hub/session/ababb369-2f38-482b-a65c-2e5df498140b/appium/device/press_keycode[39m
[35m[HTTP][39m [90m{"keycode":4}[39m
[35m[HTTP][39m [37m<-- POST /wd/hub/session/ababb369-2f38-482b-a65c-2e5df498140b/appium/device/press_keycode [39m[32m200[39m [90m1822 ms - 14[39m
[35m[HTTP][39m [90m[39m
[35m[HTTP][39m [37m-->[39m [37mPOST[39m [37m/wd/hub/session/ababb369-2f38-482b-a65c-2e5df498140b/context[39m
[35m[HTTP][39m [90m{"name":"NATIVE_APP"}[39m
[35m[HTTP][39m [37m<-- POST /wd/hub/session/ababb369-2f38-482b-a65c-2e5df498140b/context [39m[32m200[39m [90m2 ms - 14[39m
[35m[HTTP][39m [90m[39m
[35m[HTTP][39m [37m-->[39m [37mGET[39m [37m/wd/hub/session/ababb369-2f38-482b-a65c-2e5df498140b/context[39m
[35m[HTTP][39m [90m{}[39m
[35m[HTTP][39m [37m<-- GET /wd/hub/session/ababb369-2f38-482b-a65c-2e5df498140b/context [39m[32m200[39m [90m2 ms - 22[39m
[35m[HTTP][39m [90m[39m
[35m[HTTP][39m [37m-->[39m [37mGET[39m [37m/wd/hub/session/ababb369-2f38-482b-a65c-2e5df498140b/contexts[39m
[35m[HTTP][39m [90m{}[39m
[35m[AndroidDriver][39m Not checking whether webviews have active pages; use the 'ensureWebviewsHavePages' cap to turn this check on
[35m[HTTP][39m [37m<-- GET /wd/hub/session/ababb369-2f38-482b-a65c-2e5df498140b/contexts [39m[32m200[39m [90m90 ms - 24[39m
[35m[HTTP][39m [90m[39m
[35m[HTTP][39m [37m-->[39m [37mPOST[39m [37m/wd/hub/session/ababb369-2f38-482b-a65c-2e5df498140b/context[39m
[35m[HTTP][39m [90m{"name":"NATIVE_APP"}[39m
[35m[HTTP][39m [37m<-- POST /wd/hub/session/ababb369-2f38-482b-a65c-2e5df498140b/context [39m[32m200[39m [90m3 ms - 14[39m
[35m[HTTP][39m [90m[39m
[35m[HTTP][39m [37m-->[39m [37mPOST[39m [37m/wd/hub/session/ababb369-2f38-482b-a65c-2e5df498140b/appium/device/press_keycode[39m
[35m[HTTP][39m [90m{"keycode":4}[39m
[35m[HTTP][39m [37m<-- POST /wd/hub/session/ababb369-2f38-482b-a65c-2e5df498140b/appium/device/press_keycode [39m[32m200[39m [90m230 ms - 14[39m
[35m[HTTP][39m [90m[39m
[35m[HTTP][39m [37m-->[39m [37mPOST[39m [37m/wd/hub/session/ababb369-2f38-482b-a65c-2e5df498140b/context[39m
[35m[HTTP][39m [90m{"name":"NATIVE_APP"}[39m
[35m[HTTP][39m [37m<-- POST /wd/hub/session/ababb369-2f38-482b-a65c-2e5df498140b/context [39m[32m200[39m [90m3 ms - 14[39m
[35m[HTTP][39m [90m[39m
[35m[HTTP][39m [37m-->[39m [37mPOST[39m [37m/wd/hub/session/ababb369-2f38-482b-a65c-2e5df498140b/timeouts[39m
[35m[HTTP][39m [90m{"implicit":50}[39m
[35m[HTTP][39m [37m<-- POST /wd/hub/session/ababb369-2f38-482b-a65c-2e5df498140b/timeouts [39m[32m200[39m [90m3 ms - 14[39m
[35m[HTTP][39m [90m[39m
[35m[HTTP][39m [37m-->[39m [37mGET[39m [37m/wd/hub/session/ababb369-2f38-482b-a65c-2e5df498140b/window/rect[39m
[35m[HTTP][39m [90m{}[39m
[35m[HTTP][39m [37m<-- GET /wd/hub/session/ababb369-2f38-482b-a65c-2e5df498140b/window/rect [39m[32m200[39m [90m51 ms - 50[39m
[35m[HTTP][39m [90m[39m
[35m[HTTP][39m [37m-->[39m [37mPOST[39m [37m/wd/hub/session/ababb369-2f38-482b-a65c-2e5df498140b/elements[39m
[35m[HTTP][39m [90m{"using":"xpath","value":"//hierarchy/android.widget.FrameLayout[1]/android.widget.LinearLayout[1]/android.widget.FrameLayout[1]/android.widget.LinearLayout[1]/android.widget.FrameLayout[1]/android.widget.FrameLayout[1]/android.widget.LinearLayout[1]/android.widget.FrameLayout[1]/android.widget.FrameLayout[1]/android.view.ViewGroup[1]/android.widget.FrameLayout[1]/androidx.recyclerview.widget.RecyclerView[1]/android.widget.FrameLayout[3]/android.widget.LinearLayout[1]/androidx.recyclerview.widget.RecyclerView[1]/android.widget.FrameLayout[1]/android.widget.LinearLayout[1]/android.widget.LinearLayout[1]"}[39m
[35m[HTTP][39m [37m<-- POST /wd/hub/session/ababb369-2f38-482b-a65c-2e5df498140b/elements [39m[32m200[39m [90m4313 ms - 139[39m
[35m[HTTP][39m [90m[39m
[35m[HTTP][39m [37m-->[39m [37mGET[39m [37m/wd/hub/session/ababb369-2f38-482b-a65c-2e5df498140b/element/e1fe4790-5d95-4dc9-9440-d2bbb7508d0c/location[39m
[35m[HTTP][39m [90m{}[39m
[35m[W3C (ababb369)][39m Driver proxy active, passing request on via HTTP proxy
[35m[WD Proxy][39m Replacing sessionId d659cebf-bdd0-42b8-8146-909c94be7d0c with ababb369-2f38-482b-a65c-2e5df498140b
[35m[HTTP][39m [37m<-- GET /wd/hub/session/ababb369-2f38-482b-a65c-2e5df498140b/element/e1fe4790-5d95-4dc9-9440-d2bbb7508d0c/location [39m[32m200[39m [90m560 ms - 79[39m
[35m[HTTP][39m [90m[39m
[35m[HTTP][39m [37m-->[39m [37mPOST[39m [37m/wd/hub/session/ababb369-2f38-482b-a65c-2e5df498140b/timeouts[39m
[35m[HTTP][39m [90m{"implicit":30000}[39m
[35m[HTTP][39m [37m<-- POST /wd/hub/session/ababb369-2f38-482b-a65c-2e5df498140b/timeouts [39m[32m200[39m [90m3 ms - 14[39m
[35m[HTTP][39m [90m[39m
[35m[HTTP][39m [37m-->[39m [37mPOST[39m [37m/wd/hub/session/ababb369-2f38-482b-a65c-2e5df498140b/touch/perform[39m
[35m[HTTP][39m [90m{"actions":[{"action":"tap","options":{"x":1,"y":1,"element":"e1fe4790-5d95-4dc9-9440-d2bbb7508d0c"}},{"action":"release","options":{}}]}[39m
[35m[UiAutomator2][39m calling get location: e1fe4790-5d95-4dc9-9440-d2bbb7508d0c
[35m[HTTP][39m [37m<-- POST /wd/hub/session/ababb369-2f38-482b-a65c-2e5df498140b/touch/perform [39m[32m200[39m [90m161 ms - 14[39m
[35m[HTTP][39m [90m[39m
[35m[HTTP][39m [37m-->[39m [37mPOST[39m [37m/wd/hub/session/ababb369-2f38-482b-a65c-2e5df498140b/timeouts[39m
[35m[HTTP][39m [90m{"implicit":50}[39m
[35m[HTTP][39m [37m<-- POST /wd/hub/session/ababb369-2f38-482b-a65c-2e5df498140b/timeouts [39m[32m200[39m [90m3 ms - 14[39m
[35m[HTTP][39m [90m[39m
[35m[HTTP][39m [37m-->[39m [37mGET[39m [37m/wd/hub/session/ababb369-2f38-482b-a65c-2e5df498140b/window/rect[39m
[35m[HTTP][39m [90m{}[39m
[35m[HTTP][39m [37m<-- GET /wd/hub/session/ababb369-2f38-482b-a65c-2e5df498140b/window/rect [39m[32m200[39m [90m23 ms - 50[39m
[35m[HTTP][39m [90m[39m
[35m[HTTP][39m [37m-->[39m [37mPOST[39m [37m/wd/hub/session/ababb369-2f38-482b-a65c-2e5df498140b/elements[39m
[35m[HTTP][39m [90m{"using":"-android uiautomator","value":"new UiSelector().className(\"android.widget.TextView\").text(\"เพื่อแม่แพ้บ่ได้ \").resourceId(\"th.co.ais.aiskaraoke.staging:id/tvSong\")"}[39m
[35m[HTTP][39m [37m<-- POST /wd/hub/session/ababb369-2f38-482b-a65c-2e5df498140b/elements [39m[32m200[39m [90m1720 ms - 267[39m
[35m[HTTP][39m [90m[39m
[35m[HTTP][39m [37m-->[39m [37mGET[39m [37m/wd/hub/session/ababb369-2f38-482b-a65c-2e5df498140b/element/68d5db4d-7c7f-4a1d-bb17-d9b8568d6e53/location[39m
[35m[HTTP][39m [90m{}[39m
[35m[W3C (ababb369)][39m Driver proxy active, passing request on via HTTP proxy
[35m[WD Proxy][39m Replacing sessionId d659cebf-bdd0-42b8-8146-909c94be7d0c with ababb369-2f38-482b-a65c-2e5df498140b
[35m[HTTP][39m [37m<-- GET /wd/hub/session/ababb369-2f38-482b-a65c-2e5df498140b/element/68d5db4d-7c7f-4a1d-bb17-d9b8568d6e53/location [39m[32m200[39m [90m128 ms - 78[39m
[35m[HTTP][39m [90m[39m
[35m[HTTP][39m [37m-->[39m [37mPOST[39m [37m/wd/hub/session/ababb369-2f38-482b-a65c-2e5df498140b/timeouts[39m
[35m[HTTP][39m [90m{"implicit":30000}[39m
[35m[HTTP][39m [37m<-- POST /wd/hub/session/ababb369-2f38-482b-a65c-2e5df498140b/timeouts [39m[32m200[39m [90m3 ms - 14[39m
[35m[HTTP][39m [90m[39m
[35m[HTTP][39m [37m-->[39m [37mGET[39m [37m/wd/hub/session/ababb369-2f38-482b-a65c-2e5df498140b/element/68d5db4d-7c7f-4a1d-bb17-d9b8568d6e53/text[39m
[35m[HTTP][39m [90m{}[39m
[35m[W3C (ababb369)][39m Driver proxy active, passing request on via HTTP proxy
[35m[WD Proxy][39m Replacing sessionId d659cebf-bdd0-42b8-8146-909c94be7d0c with ababb369-2f38-482b-a65c-2e5df498140b
[35m[HTTP][39m [37m<-- GET /wd/hub/session/ababb369-2f38-482b-a65c-2e5df498140b/element/68d5db4d-7c7f-4a1d-bb17-d9b8568d6e53/text [39m[32m200[39m [90m123 ms - 113[39m
[35m[HTTP][39m [90m[39m
[35m[HTTP][39m [37m-->[39m [37mDELETE[39m [37m/wd/hub/session/ababb369-2f38-482b-a65c-2e5df498140b[39m
[35m[HTTP][39m [90m{}[39m
[35m[Appium][39m Removing session ababb369-2f38-482b-a65c-2e5df498140b from our master session list
[35m[UiAutomator2][39m Restoring hidden api policy to the device default configuration
[35m[HTTP][39m [37m<-- DELETE /wd/hub/session/ababb369-2f38-482b-a65c-2e5df498140b [39m[32m200[39m [90m607 ms - 14[39m
